[1] "p0"
$backspin_cluster_input_directory
[1] "/home/emiliano/projects/def-cdesouza/Lab/MRNA_pipe/Pipe/rnaSeq/output/cluster/backspin/GSE98816+58"

$giniclust_cluster_input_directory
[1] "../../rnaSeq/output/cluster/giniclust/GSE98816+58/"

$name_dataset
[1] "GSE98816+58"

$output_directory
[1] "../../rnaSeq/output/compare/chIndex/GSE98816+58"

$preprocessed_input_directory
[1] "/home/emiliano/projects/def-cdesouza/Lab/data/preprocessed/GSE98816+58/"

$sc3_cluster_input_directory
[1] "../../rnaSeq/output/cluster/sc3/GSE98816+58/"

$seurat_cluster_input_directory
[1] "../../rnaSeq/output/cluster/seurat/GSE98816+58/"

$true_cluster_input_directory
[1] "/home/emiliano/projects/def-cdesouza/Lab/data/true/GSE98816+58/"

[1] "pass0"
[1] "pass1"
[1] "preprocessed_1_GSE98816+58.csv"
[1] "pass2"
[1] "true_GSE98816+58.csv"
[1] "pass3"
[1] "clustersSC3_1_GSE98816+58.csv"
[1] "pass4"
[1] "clustersSeurat_1_GSE98816+58.csv"
[1] "pass5"
[1] "clustersGiniCLust_1_GSE98816+58.csv"
[1] "pass6"
[1] "clustersBackSpin6_1_GSE98816+58.csv"
[1] 1
[1] "  ...read"
[1] "  ...read"
[1] "pass1"
[1] "pass2"
[1] "pass3"
[1] "pass4"
[1] "pass5"
[1] "pass6"
[1] "pass7"
[1] "pass8"
[1] "pass9"
[1] "pass10"
[1] "pass11"
[1] "pass12"
[1] "pass13"
              true
GSM2631429      AC
GSM2631430      AC
GSM2631431      AC
GSM2631432      AC
GSM2631433      AC
GSM2631434      AC
GSM2631435      AC
GSM2631436      AC
GSM2631438      AC
GSM2631439      AC
GSM2631440      AC
GSM2631441      AC
GSM2631442      AC
GSM2631443      AC
GSM2631444      AC
GSM2631445      AC
GSM2631446      AC
GSM2631447      AC
GSM2631448      AC
GSM2631449      AC
GSM2631450      AC
GSM2631451      AC
GSM2631452      AC
GSM2631453      AC
GSM2631454      AC
GSM2631455      AC
GSM2631456      AC
GSM2631457      AC
GSM2631458      AC
GSM2631459      AC
GSM2631460      AC
GSM2631461      AC
GSM2631462      AC
GSM2631463      AC
GSM2631464      AC
GSM2631465      AC
GSM2631466      AC
GSM2631467      AC
GSM2631468      AC
GSM2631469      AC
GSM2631470      AC
GSM2631471      AC
GSM2631472      AC
GSM2631473      AC
GSM2631474      AC
GSM2631475      AC
GSM2631476      AC
GSM2631477      AC
GSM2631478      AC
GSM2631479      AC
GSM2631480      AC
GSM2631481      AC
GSM2631482      AC
GSM2631483      AC
GSM2631484      AC
GSM2631485      AC
GSM2631486      AC
GSM2631487      AC
GSM2631488      AC
GSM2631489      AC
GSM2631490      AC
GSM2631491      AC
GSM2631492      AC
GSM2631493      AC
GSM2631494      AC
GSM2631495      AC
GSM2631496      AC
GSM2631498      AC
GSM2631499      AC
GSM2631500      AC
GSM2631501      AC
GSM2631502      AC
GSM2631503      AC
GSM2631504      AC
GSM2631505      AC
GSM2631506      AC
GSM2631507      AC
GSM2631508      AC
GSM2631509      AC
GSM2631510      AC
GSM2631511      AC
GSM2631512      AC
GSM2631513      AC
GSM2631514      AC
GSM2631515      AC
GSM2631516      AC
GSM2631517      AC
GSM2631518      AC
GSM2631519      AC
GSM2631520      AC
GSM2631521      AC
GSM2631522      AC
GSM2631523      AC
GSM2631524      AC
GSM2631525      AC
GSM2631526      AC
GSM2631527      AC
GSM2631528      AC
GSM2631529      AC
GSM2631530      AC
GSM2631531      AC
GSM2631532      AC
GSM2631533      AC
GSM2631534      AC
GSM2631535      AC
GSM2631536      AC
GSM2631537      AC
GSM2631538      AC
GSM2631539      AC
GSM2631540      AC
GSM2631541      AC
GSM2631542      AC
GSM2631543      AC
GSM2631544      AC
GSM2631545      AC
GSM2631546      AC
GSM2631547      AC
GSM2631548      AC
GSM2631549      AC
GSM2631550      AC
GSM2631551      AC
GSM2631552      AC
GSM2631553      AC
GSM2631554      AC
GSM2631555      AC
GSM2631556      AC
GSM2631557      AC
GSM2631558      AC
GSM2631559      AC
GSM2631560      AC
GSM2631561      AC
GSM2631562      AC
GSM2631563      AC
GSM2631564      AC
GSM2631565      AC
GSM2631566      AC
GSM2631567      AC
GSM2631568      AC
GSM2631569      AC
GSM2631570      AC
GSM2631571      AC
GSM2631572      AC
GSM2631573      AC
GSM2631574      AC
GSM2631575      AC
GSM2631576      AC
GSM2631577      AC
GSM2631578      AC
GSM2631579      AC
GSM2631580      AC
GSM2631581      AC
GSM2631582      AC
GSM2631583      AC
GSM2631584      AC
GSM2631585      AC
GSM2631586      AC
GSM2631587      AC
GSM2631588      AC
GSM2631589      AC
GSM2631590      AC
GSM2631591      AC
GSM2631592      AC
GSM2631593      AC
GSM2631594      AC
GSM2631595      AC
GSM2631596      AC
GSM2631597      AC
GSM2631598      AC
GSM2631600      AC
GSM2631601      AC
GSM2631602      AC
GSM2631603      AC
GSM2631605      AC
GSM2631606      AC
GSM2631607      AC
GSM2631608      AC
GSM2631609      AC
GSM2631610      AC
GSM2631611      AC
GSM2631612      AC
GSM2631613      AC
GSM2631614      AC
GSM2631615      AC
GSM2631616      AC
GSM2631617      AC
GSM2631618      AC
GSM2631619      AC
GSM2631620      AC
GSM2631621      AC
GSM2631622      AC
GSM2631623      AC
GSM2631624      AC
GSM2631625      AC
GSM2631626      AC
GSM2631627      AC
GSM2631628      AC
GSM2631629      AC
GSM2631630      AC
GSM2631631      AC
GSM2631632      AC
GSM2631633      AC
GSM2631634      AC
GSM2631635      AC
GSM2631636      AC
GSM2631637      AC
GSM2631638      AC
GSM2631639      AC
GSM2631640      AC
GSM2631641      AC
GSM2631642      AC
GSM2631643      AC
GSM2631644      AC
GSM2631645      AC
GSM2631646      AC
GSM2631647      AC
GSM2631648      AC
GSM2631649      AC
GSM2631650      AC
GSM2631651      AC
GSM2631652      AC
GSM2631653      AC
GSM2631654      AC
GSM2631655      AC
GSM2631656      AC
GSM2631657      AC
GSM2631658      AC
GSM2631659      AC
GSM2631660      AC
GSM2631661      AC
GSM2631662      AC
GSM2631663      AC
GSM2631664      AC
GSM2631665      AC
GSM2631666      AC
GSM2631667      AC
GSM2631668      AC
GSM2631669      AC
GSM2631670      AC
GSM2631671      AC
GSM2631672      AC
GSM2631673      AC
GSM2631674      AC
GSM2631675      AC
GSM2631676      AC
GSM2631677      AC
GSM2631678      AC
GSM2612540 capilEC
GSM2612542     EC3
GSM2612543     aEC
GSM2612544     vEC
GSM2612545     vEC
GSM2612546     EC2
GSM2612547     vEC
GSM2612548     EC1
GSM2612549 capilEC
GSM2612550 capilEC
GSM2612551     EC3
GSM2612552     vEC
GSM2612553 capilEC
GSM2612554     aEC
GSM2612555     EC3
GSM2612556 capilEC
GSM2612557     vEC
GSM2612558     vEC
GSM2612559     aEC
GSM2612560     aEC
GSM2612561 capilEC
GSM2612562     vEC
GSM2612563     EC1
GSM2612565     aEC
GSM2612566 capilEC
GSM2612567 capilEC
GSM2612568     EC1
GSM2612569 capilEC
GSM2612570 capilEC
GSM2612571     vEC
GSM2612572 capilEC
GSM2612573     EC3
GSM2612574 capilEC
GSM2612575 capilEC
GSM2612576     aEC
GSM2612577     aEC
GSM2612579     EC2
GSM2612580 capilEC
GSM2612581     aEC
GSM2612582     EC1
GSM2612584     aEC
GSM2612585     EC1
GSM2612586     vEC
GSM2612587     EC2
GSM2612589     aEC
GSM2612590     aEC
GSM2612591 capilEC
GSM2612592     EC1
GSM2612593 capilEC
GSM2612594     EC3
GSM2612595     EC1
GSM2612597     aEC
GSM2612598     vEC
GSM2612599 capilEC
GSM2612600     EC1
GSM2612601     EC1
GSM2612602 capilEC
GSM2612603     EC1
GSM2612604     vEC
GSM2612605     aEC
GSM2612606     aEC
GSM2612607 capilEC
GSM2612608 capilEC
GSM2612610     EC1
GSM2612612     EC1
GSM2612615     EC1
GSM2612616 capilEC
GSM2612617     vEC
GSM2612618     EC1
GSM2612620     vEC
GSM2612622 capilEC
GSM2612624     EC3
GSM2612625     aEC
GSM2612626 capilEC
GSM2612627     EC1
GSM2612629 capilEC
GSM2612630     aEC
GSM2612631 capilEC
GSM2612633 capilEC
GSM2612634     vEC
GSM2612635     vEC
GSM2612636     EC1
GSM2612637     EC1
GSM2612638 capilEC
GSM2612639     EC1
GSM2612640     aEC
GSM2612641     vEC
GSM2612642 capilEC
GSM2612643     aEC
GSM2612644     EC1
GSM2612645     vEC
GSM2612646 capilEC
GSM2612647     aEC
GSM2612648     vEC
GSM2612649 capilEC
GSM2612650     EC1
GSM2612653     aEC
GSM2612654     aEC
GSM2612655 capilEC
GSM2612656     aEC
GSM2612657     EC1
GSM2612659 capilEC
GSM2612660     EC1
GSM2612661     aEC
GSM2612662     EC3
GSM2612663 capilEC
GSM2612664     EC3
GSM2612665     aEC
GSM2612666     aEC
GSM2612667     EC3
GSM2612668     EC3
GSM2612669 capilEC
GSM2612670     EC1
GSM2612671     EC3
GSM2612672     EC1
GSM2612673     EC1
GSM2612674 capilEC
GSM2612675     aEC
GSM2612676     aEC
GSM2612677 capilEC
GSM2612679     aEC
GSM2612680 capilEC
GSM2612681 capilEC
GSM2612682     vEC
GSM2612683 capilEC
GSM2612684 capilEC
GSM2612685     aEC
GSM2612686     vEC
GSM2612687     aEC
GSM2612688 capilEC
GSM2612689     EC1
GSM2612690 capilEC
GSM2612691     aEC
GSM2612692     EC1
GSM2612693     aEC
GSM2612694     aEC
GSM2612695     aEC
GSM2612696     aEC
GSM2612697     vEC
GSM2612699 capilEC
GSM2612700     vEC
GSM2612701     aEC
GSM2612703     aEC
GSM2612704     vEC
GSM2612705     aEC
GSM2612706     EC2
GSM2612707     EC1
GSM2612708     EC1
GSM2612710 capilEC
GSM2612711 capilEC
GSM2612712 capilEC
GSM2612713     EC3
GSM2612714     EC1
GSM2612716     vEC
GSM2612717     aEC
GSM2612718     vEC
GSM2612719     EC1
GSM2612720     vEC
GSM2612721     vEC
GSM2612722 capilEC
GSM2612723     aEC
GSM2612724 capilEC
GSM2612725 capilEC
GSM2612726     EC3
GSM2612727 capilEC
GSM2612728     EC3
GSM2612729     aEC
GSM2612730     EC1
GSM2612732     EC1
GSM2612733     aEC
GSM2612735     vEC
GSM2612736     vEC
GSM2612737 capilEC
GSM2612738     vEC
GSM2612739     aEC
GSM2612740 capilEC
GSM2612741     EC2
GSM2612742 capilEC
GSM2612743 capilEC
GSM2612744     vEC
GSM2612745     vEC
GSM2612746     EC1
GSM2612749     EC1
GSM2612750     vEC
GSM2612751     vEC
GSM2612752 capilEC
GSM2612753     vEC
GSM2612754     EC1
GSM2612756     aEC
GSM2612757     EC3
GSM2612758     vEC
GSM2612759     EC1
GSM2612760 capilEC
GSM2612762 capilEC
GSM2612763     vEC
GSM2612764     aEC
GSM2612765 capilEC
GSM2612766 capilEC
GSM2612767     aEC
GSM2612768     EC1
GSM2612769     EC1
GSM2612770     aEC
GSM2612771     EC1
GSM2612772     vEC
GSM2612773 capilEC
GSM2612775     aEC
GSM2612776     aEC
GSM2612777     aEC
GSM2612778     aEC
GSM2612779     EC1
GSM2612780     vEC
GSM2612781     EC1
GSM2612782 capilEC
GSM2612784     EC1
GSM2612785     vEC
GSM2612787     aEC
GSM2612788 capilEC
GSM2612789     aEC
GSM2612791 capilEC
GSM2612792 capilEC
GSM2612793     vEC
GSM2612794 capilEC
GSM2612795 capilEC
GSM2612796     aEC
GSM2612797 capilEC
GSM2612798 capilEC
GSM2612799     aEC
GSM2612800     EC3
GSM2612801     vEC
GSM2612803     vEC
GSM2612804     vEC
GSM2612805 capilEC
GSM2612806     vEC
GSM2612807     vEC
GSM2612808 capilEC
GSM2612809     aEC
GSM2612810     aEC
GSM2612811     aEC
GSM2612812     EC1
GSM2612814     aEC
GSM2612815     vEC
GSM2612816     EC1
GSM2612817     EC1
GSM2612818     EC3
GSM2612819     aEC
GSM2612820 capilEC
GSM2612821 capilEC
GSM2612822     EC1
GSM2612823     EC3
GSM2612824 capilEC
GSM2612825     vEC
GSM2612826     EC1
GSM2612827     aEC
GSM2612828 capilEC
GSM2612829 capilEC
GSM2612830     EC1
GSM2612831     aEC
GSM2612833 capilEC
GSM2612834 capilEC
GSM2612835     aEC
GSM2612836     EC2
GSM2612837     vEC
GSM2612838     aEC
GSM2612839     vEC
GSM2612840     EC1
GSM2612842     EC2
GSM2612843 capilEC
GSM2612844 capilEC
GSM2612845 capilEC
GSM2612846     EC3
GSM2612847 capilEC
GSM2612849 capilEC
GSM2612850     aEC
GSM2612852     vEC
GSM2612854     EC3
GSM2612855     aEC
GSM2612856     EC1
GSM2612858     aEC
GSM2612859 capilEC
GSM2612860     vEC
GSM2612862     aEC
GSM2612863     aEC
GSM2612864     vEC
GSM2612865     aEC
GSM2612866     aEC
GSM2612867     aEC
GSM2612868     EC1
GSM2612870     EC1
GSM2612871     vEC
GSM2612874     aEC
GSM2612875 capilEC
GSM2612876     EC1
GSM2612877 capilEC
GSM2612879     aEC
GSM2612880     aEC
GSM2612881     vEC
GSM2612882 capilEC
GSM2612883     vEC
GSM2612885     vEC
GSM2612886     aEC
GSM2612887 capilEC
GSM2612889     EC2
GSM2612890     aEC
GSM2612891     vEC
GSM2612892 capilEC
GSM2612893     EC2
GSM2612894     EC3
GSM2612895 capilEC
GSM2612896     EC3
GSM2612897     EC1
GSM2612898 capilEC
GSM2612899     aEC
GSM2612901     aEC
GSM2612903     vEC
GSM2612904     aEC
GSM2612906 capilEC
GSM2612907     aEC
GSM2612908     EC3
GSM2612909     EC2
GSM2612911 capilEC
GSM2612912 capilEC
GSM2612913     vEC
GSM2612914 capilEC
GSM2612915     vEC
GSM2612916     EC1
GSM2612917     aEC
GSM2612918     aEC
GSM2612919 capilEC
GSM2612920     aEC
GSM2612921     aEC
GSM2612922     vEC
GSM2612923 capilEC
GSM2612924     EC2
GSM2612926     aEC
GSM2612927 capilEC
GSM2612928     vEC
GSM2612929     EC1
GSM2612931     aEC
GSM2612932     aEC
GSM2612934     EC1
GSM2612936 capilEC
GSM2612937     vEC
GSM2612938     EC1
GSM2612939     EC1
GSM2612940     EC3
GSM2612941     EC2
GSM2612942     EC1
GSM2612943     aEC
GSM2612944 capilEC
GSM2612945     EC1
GSM2612946     aEC
GSM2612947     vEC
GSM2612948     aEC
GSM2612949 capilEC
GSM2612950     EC2
GSM2612951 capilEC
GSM2612952     vEC
GSM2612953 capilEC
GSM2612954 capilEC
GSM2612955 capilEC
GSM2612956     EC1
GSM2612958 capilEC
GSM2612959     vEC
GSM2612960     aEC
GSM2612962     EC1
GSM2612963 capilEC
GSM2612964 capilEC
GSM2612965 capilEC
GSM2612966     vEC
GSM2612968     vEC
GSM2612969     aEC
GSM2612970     EC3
GSM2612971     EC3
GSM2612972     vEC
GSM2612973     vEC
GSM2612974 capilEC
GSM2612975     vEC
GSM2612976 capilEC
GSM2612977     aEC
GSM2612978     EC1
GSM2612979     EC3
GSM2612980     aEC
GSM2612981 capilEC
GSM2612982     EC1
GSM2612986     EC1
GSM2612987     aEC
GSM2612988     aEC
GSM2612989     vEC
GSM2612990 capilEC
GSM2612991     vEC
GSM2612992     EC2
GSM2612993     vEC
GSM2612994     EC1
GSM2612996 capilEC
GSM2612997     vEC
GSM2612998 capilEC
GSM2612999     vEC
GSM2613000 capilEC
GSM2613001     aEC
GSM2613002 capilEC
GSM2613003     vEC
GSM2613004 capilEC
GSM2613005     vEC
GSM2613006     EC1
GSM2613008 capilEC
GSM2613009     aEC
GSM2613010     aEC
GSM2613011     EC3
GSM2613013     EC3
GSM2613014     vEC
GSM2613015     vEC
GSM2613016     EC3
GSM2613017     vEC
GSM2613018     aEC
GSM2613019     EC1
GSM2613021 capilEC
GSM2613022 capilEC
GSM2613023     aEC
GSM2613024 capilEC
GSM2613025     aEC
GSM2613026 capilEC
GSM2613027     vEC
GSM2613028 capilEC
GSM2613029     EC1
GSM2613030 capilEC
GSM2613031     EC2
GSM2613033     aEC
GSM2613034     aEC
GSM2613035 capilEC
GSM2613036     aEC
GSM2613038 capilEC
GSM2613039     aEC
GSM2613041     aEC
GSM2613042     EC1
GSM2613043     aEC
GSM2613044     aEC
GSM2613045     EC1
GSM2613046     aEC
GSM2613047     aEC
GSM2613048     aEC
GSM2613049     EC2
GSM2613051 capilEC
GSM2613052     aEC
GSM2613053 capilEC
GSM2613054 capilEC
GSM2613055     aEC
GSM2613056     aEC
GSM2613057     aEC
GSM2613058 capilEC
GSM2613059 capilEC
GSM2613060     aEC
GSM2613061     EC1
GSM2613062 capilEC
GSM2613063     vEC
GSM2613064 capilEC
GSM2613065 capilEC
GSM2613066 capilEC
GSM2613067     EC3
GSM2613068 capilEC
GSM2613069     EC1
GSM2613070     aEC
GSM2613071     aEC
GSM2613074     aEC
GSM2613075     vEC
GSM2613076     vEC
GSM2613077     aEC
GSM2613078 capilEC
GSM2613079 capilEC
GSM2613081 capilEC
GSM2613082     EC1
GSM2613083     aEC
GSM2613084 capilEC
GSM2613085     EC1
GSM2613087     aEC
GSM2613088     EC1
GSM2613090     aEC
GSM2613091     vEC
GSM2613092     vEC
GSM2613093 capilEC
GSM2613094 capilEC
GSM2613095     EC1
GSM2613096     aEC
GSM2613097     vEC
GSM2613098     vEC
GSM2613099     EC3
GSM2613100     aEC
GSM2613102 capilEC
GSM2613103     vEC
GSM2613104     vEC
GSM2613105     aEC
GSM2613106     aEC
GSM2613107 capilEC
GSM2613108     vEC
GSM2613109     aEC
GSM2613110     aEC
GSM2613111 capilEC
GSM2613112     EC3
GSM2613113     vEC
GSM2613114     aEC
GSM2613115     EC1
GSM2613117 capilEC
GSM2613119     vEC
GSM2613120 capilEC
GSM2613121     vEC
GSM2613122     vEC
GSM2613123     aEC
GSM2613124     EC3
GSM2613125     vEC
GSM2613126     aEC
GSM2613127 capilEC
GSM2613128 capilEC
GSM2613129 capilEC
GSM2613130     EC1
GSM2613133     EC1
GSM2613134     aEC
GSM2613135     vEC
GSM2613136 capilEC
GSM2613137     EC1
GSM2613138 capilEC
GSM2613139     vEC
GSM2613141     EC2
GSM2613143     vEC
GSM2613144     aEC
GSM2613145 capilEC
GSM2613146     vEC
GSM2613147     vEC
GSM2613148     vEC
GSM2613149     EC1
GSM2613150     EC3
GSM2613151 capilEC
GSM2613152     vEC
GSM2613153     EC3
GSM2613154     aEC
GSM2613155 capilEC
GSM2613156     vEC
GSM2613157     vEC
GSM2613158 capilEC
GSM2613159     vEC
GSM2613160 capilEC
GSM2613161 capilEC
GSM2613162 capilEC
GSM2613163     aEC
GSM2613164     EC1
GSM2613165     aEC
GSM2613166 capilEC
GSM2613167 capilEC
GSM2613168 capilEC
GSM2613169     EC1
GSM2613170     vEC
GSM2613172 capilEC
GSM2613174 capilEC
GSM2613175 capilEC
GSM2613176     aEC
GSM2613177 capilEC
GSM2613178     vEC
GSM2613179 capilEC
GSM2613180 capilEC
GSM2613181     vEC
GSM2613182     vEC
GSM2613183     EC1
GSM2613185     EC1
GSM2613186     vEC
GSM2613187     aEC
GSM2613188     EC1
GSM2613189     aEC
GSM2613190     aEC
GSM2613191     EC3
GSM2613194     aEC
GSM2613195 capilEC
GSM2613196 capilEC
GSM2613197 capilEC
GSM2613198     EC3
GSM2613199     aEC
GSM2613200     aEC
GSM2613201 capilEC
GSM2613202     EC1
GSM2613203     aEC
GSM2613204     EC3
GSM2613205     vEC
GSM2613206     EC3
GSM2613208 capilEC
GSM2613209 capilEC
GSM2613210 capilEC
GSM2613211 capilEC
GSM2613212     vEC
GSM2613213     vEC
GSM2613215 capilEC
GSM2613217     vEC
GSM2613218     aEC
GSM2613219     vEC
GSM2613221     EC3
GSM2613222     EC2
GSM2613223     aEC
GSM2613224     vEC
GSM2613225     aEC
GSM2613226     EC1
GSM2613228 capilEC
GSM2613229     vEC
GSM2613231     EC3
GSM2613232     aEC
GSM2613233 capilEC
GSM2613234     aEC
GSM2613236     EC1
GSM2613238 capilEC
GSM2613239 capilEC
GSM2613241     aEC
GSM2613242     vEC
GSM2613243 capilEC
GSM2613244     aEC
GSM2613245     vEC
GSM2613246     aEC
GSM2613247     vEC
GSM2613248     vEC
GSM2613251     aEC
GSM2613252     vEC
GSM2613253     EC1
GSM2613254 capilEC
GSM2613255     EC1
GSM2613256     aEC
GSM2613257     EC1
GSM2613259     vEC
GSM2613260     vEC
GSM2613261     aEC
GSM2613262 capilEC
GSM2613263 capilEC
GSM2613264     aEC
GSM2613265     aEC
GSM2613266 capilEC
GSM2613267     EC1
GSM2613268 capilEC
GSM2613269     vEC
GSM2613270     vEC
GSM2613271 capilEC
GSM2613272 capilEC
GSM2613273     aEC
GSM2613274     EC2
GSM2613275     aEC
GSM2613276     EC3
GSM2613277 capilEC
GSM2613278     vEC
GSM2613280     aEC
GSM2613281     vEC
GSM2613282     aEC
GSM2613283 capilEC
GSM2613284     vEC
GSM2613285     EC1
GSM2613286     aEC
GSM2613287 capilEC
GSM2613288 capilEC
GSM2613289     aEC
GSM2613290     vEC
GSM2613291     EC3
GSM2613292 capilEC
GSM2613293     EC3
GSM2613294     EC1
GSM2613295     vEC
GSM2613296     vEC
GSM2613297     vEC
GSM2613298     EC1
GSM2613299     aEC
GSM2613300 capilEC
GSM2613301     EC3
GSM2613303     EC3
GSM2613304     aEC
GSM2613305 capilEC
GSM2613306 capilEC
GSM2613307 capilEC
GSM2613308 capilEC
GSM2613310     aEC
GSM2613311     vEC
GSM2613312     EC1
GSM2613313 capilEC
GSM2613314 capilEC
GSM2613315     EC3
GSM2613316     aEC
GSM2613317     EC1
GSM2613318     aEC
GSM2613319     EC1
GSM2613320     EC1
GSM2613321     aEC
GSM2613322     aEC
GSM2613323     vEC
GSM2613324     EC1
GSM2613325     aEC
GSM2613326     vEC
GSM2613327     aEC
GSM2613328     EC1
GSM2613330     aEC
GSM2613331     vEC
GSM2613332     aEC
GSM2613333     EC1
GSM2613336     EC3
GSM2613337     aEC
GSM2613338     aEC
GSM2613339 capilEC
GSM2613340     EC1
GSM2613342     EC3
GSM2613343 capilEC
GSM2613344 capilEC
GSM2613346     vEC
GSM2613347 capilEC
GSM2613348     aEC
GSM2613349     EC1
GSM2613350     aEC
GSM2613351     aEC
GSM2613352 capilEC
GSM2613353 capilEC
GSM2613354     EC2
GSM2613355 capilEC
GSM2613356 capilEC
GSM2613357     EC1
GSM2613359 capilEC
GSM2613360     aEC
GSM2613361 capilEC
GSM2613362 capilEC
GSM2613363 capilEC
GSM2613364 capilEC
GSM2613365 capilEC
GSM2613366     vEC
GSM2613369 capilEC
GSM2613370 capilEC
GSM2613371     aEC
GSM2613372 capilEC
GSM2613373     aEC
GSM2613374     aEC
GSM2613375     EC3
GSM2613376     vEC
GSM2613377 capilEC
GSM2613378     EC3
GSM2613379 capilEC
GSM2613380 capilEC
GSM2613381     EC1
GSM2613382     aEC
GSM2613383 capilEC
GSM2613384     vEC
GSM2613385     EC2
GSM2613386     aEC
GSM2613387     EC3
GSM2613388     EC1
GSM2613389 capilEC
GSM2613391     vEC
GSM2613392     aEC
GSM2613393 capilEC
GSM2613394 capilEC
GSM2613395 capilEC
GSM2613396     aEC
GSM2613397     EC3
GSM2613398     vEC
GSM2613399     vEC
GSM2613400     aEC
GSM2613401 capilEC
GSM2613402 capilEC
GSM2613403 capilEC
GSM2613404 capilEC
GSM2613405     vEC
GSM2613406     EC1
GSM2613407     vEC
GSM2613408     aEC
GSM2613409 capilEC
GSM2613410     vEC
GSM2613411 capilEC
GSM2613412     EC3
GSM2613414     EC2
GSM2613415     EC1
GSM2613416     aEC
GSM2613417     EC1
GSM2613419     EC1
GSM2613420 capilEC
GSM2613421     aEC
GSM2613422 capilEC
GSM2613423     EC3
GSM2613424     aEC
GSM2613425     aEC
GSM2613426     EC2
GSM2613427 capilEC
GSM2613428     EC3
GSM2613429     EC2
GSM2613430 capilEC
GSM2613431 capilEC
GSM2613432      MG
GSM2613433     aEC
GSM2613434     EC3
GSM2613435     aEC
GSM2613436     aEC
GSM2613437 capilEC
GSM2613438 capilEC
GSM2613439     vEC
GSM2613440     aEC
GSM2613441     EC3
GSM2613442     vEC
GSM2613443     EC3
GSM2613444     vEC
GSM2613445     EC3
GSM2613446     vEC
GSM2613447 capilEC
GSM2613448     EC1
GSM2613449     EC2
GSM2613450     vEC
GSM2613451 capilEC
GSM2613452     vEC
GSM2613453     vEC
GSM2613454     vEC
GSM2613455 capilEC
GSM2613456     aEC
GSM2613457 capilEC
GSM2613458     EC3
GSM2613459     vEC
GSM2613460     aEC
GSM2613461 capilEC
GSM2613464     aEC
GSM2613465 capilEC
GSM2613466 capilEC
GSM2613467     aEC
GSM2613468 capilEC
GSM2613469     aEC
GSM2613470 capilEC
GSM2613471     EC3
GSM2613472     EC1
GSM2613474     aEC
GSM2613476     vEC
GSM2613477 capilEC
GSM2613478     aEC
GSM2613479     aEC
GSM2613480     EC1
GSM2613481     EC3
GSM2613482     aEC
GSM2613483     aEC
GSM2613484     vEC
GSM2613486 capilEC
GSM2613487     aEC
GSM2613488     vEC
GSM2613489     vEC
GSM2613490 capilEC
GSM2613491 capilEC
GSM2613492     vEC
GSM2613493 capilEC
GSM2613494     aEC
GSM2613495     aEC
GSM2613496     vEC
GSM2613497     aEC
GSM2613498     vEC
GSM2613499 capilEC
GSM2613501     aEC
GSM2613502     aEC
GSM2613503     vEC
GSM2613504     vEC
GSM2613505 capilEC
GSM2613506 capilEC
GSM2613507     EC2
GSM2613509     aEC
GSM2613510     aEC
GSM2613511 capilEC
GSM2613512     EC3
GSM2613513 capilEC
GSM2613514     aEC
GSM2613515     aEC
GSM2613516     EC1
GSM2613517     EC3
GSM2613518     aEC
GSM2613519 capilEC
GSM2613520     EC3
GSM2613521     vEC
GSM2613523 capilEC
GSM2613524     aEC
GSM2613525     aEC
GSM2613526     vEC
GSM2613527 capilEC
GSM2613528 capilEC
GSM2613529     aEC
GSM2613530     aEC
GSM2613532     vEC
GSM2613533     EC1
GSM2613534     EC1
GSM2613537 capilEC
GSM2613538 capilEC
GSM2613539     EC1
GSM2613541     aEC
GSM2613542     aEC
GSM2613543 capilEC
GSM2613544     vEC
GSM2613545     EC3
GSM2613546 capilEC
GSM2613547     EC2
GSM2613548     EC1
GSM2613549     EC3
GSM2613550     EC3
GSM2613551     vEC
GSM2613552     vEC
GSM2613553     EC3
GSM2613554     EC2
GSM2613555     vEC
GSM2613556     vEC
GSM2613557     vEC
GSM2613558     EC3
GSM2613559     aEC
GSM2613560     vEC
GSM2613561     aEC
GSM2613562     EC3
GSM2613563     aEC
GSM2613564     aEC
GSM2613565 capilEC
GSM2613566     vEC
GSM2613567     aEC
GSM2613568     aEC
GSM2613569     EC3
GSM2613573     vEC
GSM2613574     EC3
GSM2613575     aEC
GSM2613576     vEC
GSM2613577     EC2
GSM2613578 capilEC
GSM2613579     vEC
GSM2613580     EC3
GSM2613581     vEC
GSM2613582     EC3
GSM2613583 capilEC
GSM2613584     vEC
GSM2613585 capilEC
GSM2613586     aEC
GSM2613587     EC1
GSM2613589     vEC
GSM2613590     vEC
GSM2613591 capilEC
GSM2613592     aEC
GSM2613593     EC1
GSM2613594     EC2
GSM2613595     aEC
GSM2613596     aEC
GSM2613597 capilEC
GSM2613598     EC1
GSM2613600     aEC
GSM2613601 capilEC
GSM2613602     EC3
GSM2613603 capilEC
GSM2613604     vEC
GSM2613605 capilEC
GSM2613606     aEC
GSM2613607     vEC
GSM2613608 capilEC
GSM2613609     EC1
GSM2613611     vEC
GSM2613612 capilEC
GSM2613613 capilEC
GSM2613615     vEC
GSM2613616     vEC
GSM2613617     vEC
GSM2613618     EC2
GSM2613619     aEC
GSM2613620     EC1
GSM2613622     vEC
GSM2613624 capilEC
GSM2613625     aEC
GSM2613626     aEC
GSM2613627     vEC
GSM2613628     aEC
GSM2613629     aEC
GSM2613630 capilEC
GSM2613631     aEC
GSM2613632     aEC
GSM2613633 capilEC
GSM2613634     vEC
GSM2613635     aEC
GSM2613636     aEC
GSM2613637 capilEC
GSM2613638 capilEC
GSM2613640     EC2
GSM2613641 capilEC
GSM2613642 capilEC
GSM2613643     EC3
GSM2613645 capilEC
GSM2613646     EC3
GSM2613647     vEC
GSM2613648     vEC
GSM2613649     vEC
GSM2613650     EC1
GSM2613651     EC3
GSM2613652 capilEC
GSM2613653 capilEC
GSM2613654     vEC
GSM2613655     vEC
GSM2613656     EC1
GSM2613657     EC3
GSM2613658 capilEC
GSM2613659 capilEC
GSM2613660 capilEC
GSM2613661     aEC
GSM2613662     aEC
GSM2613663 capilEC
GSM2613664     aEC
GSM2613665     EC3
GSM2613666     aEC
GSM2613667     aEC
GSM2613668     aEC
GSM2613670 capilEC
GSM2613671 capilEC
GSM2613672     EC1
GSM2613673     vEC
GSM2613674 capilEC
GSM2613675     aEC
GSM2613676     EC3
GSM2613677     EC1
GSM2613679 capilEC
GSM2613680 capilEC
GSM2613681     EC3
GSM2613682     EC3
GSM2613683     aEC
GSM2613684 capilEC
GSM2613685     aEC
GSM2613686     aEC
GSM2613688     EC2
GSM2613689 capilEC
GSM2613690     aEC
GSM2613692     aEC
GSM2613693     aEC
GSM2613694     vEC
GSM2613695 capilEC
GSM2613696     aEC
GSM2613697     vEC
GSM2613698     EC1
GSM2613700     EC3
GSM2613701 capilEC
GSM2613702     aEC
GSM2613703     aEC
GSM2613704 capilEC
GSM2613705     EC1
GSM2613706     EC3
GSM2613707     EC1
GSM2613708     aEC
GSM2613709     EC2
GSM2613710     vEC
GSM2613711 capilEC
GSM2613712     aEC
GSM2613713     EC2
GSM2613714     vEC
GSM2613715     EC3
GSM2613716     aEC
GSM2613719     EC1
GSM2613720     aEC
GSM2613722     aEC
GSM2613723     aEC
GSM2613724     aEC
GSM2613725     EC1
GSM2613727     vEC
GSM2613728     vEC
GSM2613729     vEC
GSM2613730     aEC
GSM2613731     aEC
GSM2613732     aEC
GSM2613733     vEC
GSM2613734     EC2
GSM2613735     vEC
GSM2613736 capilEC
GSM2613737     EC1
GSM2613739     vEC
GSM2613740     aEC
GSM2613741 capilEC
GSM2613742     vEC
GSM2613743     vEC
GSM2613744     EC1
GSM2613745     EC2
GSM2613746     vEC
GSM2613747     EC2
GSM2613748     aEC
GSM2613749     aEC
GSM2613750     aEC
GSM2613751 capilEC
GSM2613752 capilEC
GSM2613753 capilEC
GSM2613754     aEC
GSM2613755 capilEC
GSM2613756 capilEC
GSM2613757     EC3
GSM2613758     vEC
GSM2613759 capilEC
GSM2613760 capilEC
GSM2613761 capilEC
GSM2613762     EC3
GSM2613763     aEC
GSM2613764     EC2
GSM2613765     aEC
GSM2613766 capilEC
GSM2613767     aEC
GSM2613768     EC3
GSM2613769     EC2
GSM2613770     EC3
GSM2613772     EC2
GSM2613773     EC1
GSM2613774     aEC
GSM2613775     vEC
GSM2613776     aEC
GSM2613777 capilEC
GSM2613778     aEC
GSM2613779     aEC
GSM2613780     EC2
GSM2613781     aEC
GSM2613782 capilEC
GSM2613783     aEC
GSM2613784     EC1
GSM2613785 capilEC
GSM2613786     vEC
GSM2613787 capilEC
GSM2613788 capilEC
GSM2613789     EC2
GSM2613791 capilEC
GSM2613792     vEC
GSM2613793     EC1
GSM2613794 capilEC
GSM2613795     EC1
GSM2613798 capilEC
GSM2613800     EC3
GSM2613801     EC1
GSM2613802 capilEC
GSM2613803     aEC
GSM2613804     EC1
GSM2613805     vEC
GSM2613806     EC2
GSM2613807 capilEC
GSM2613808     aEC
GSM2613809 capilEC
GSM2613810     EC1
GSM2613812     vEC
GSM2613813     EC1
GSM2613814     aEC
GSM2613815     aEC
GSM2613816     vEC
GSM2613817     EC3
GSM2613818     vEC
GSM2613819 capilEC
GSM2613820     vEC
GSM2613823     aEC
GSM2613824     aEC
GSM2613826     aEC
GSM2613827     aEC
GSM2613828 capilEC
GSM2613829     aEC
GSM2613830     vEC
GSM2613831 capilEC
GSM2613832     EC1
GSM2613833 capilEC
GSM2613834 capilEC
GSM2613835     EC3
GSM2613836     EC3
GSM2613837     vEC
GSM2613839     EC2
GSM2613840     EC2
GSM2613841     aEC
GSM2613842     aEC
GSM2613843     vEC
GSM2613844     aEC
GSM2613845     vEC
GSM2613846 capilEC
GSM2613847 capilEC
GSM2613848     aEC
GSM2613849     aEC
GSM2613850 capilEC
GSM2613851     aEC
GSM2613853 capilEC
GSM2613854     vEC
GSM2613855 capilEC
GSM2613856     EC2
GSM2613857 capilEC
GSM2613858     aEC
GSM2613859     aEC
GSM2613860 capilEC
GSM2613861     EC3
GSM2613862     EC1
GSM2613863     EC1
GSM2613864     aEC
GSM2613866     aEC
GSM2613867     aEC
GSM2613869     vEC
GSM2613871     EC1
GSM2613873     aEC
GSM2613874     EC3
GSM2613875 capilEC
GSM2613876     vEC
GSM2613877     EC2
GSM2613878     aEC
GSM2613879     aEC
GSM2613880     aEC
GSM2613881     aEC
GSM2613882     EC1
GSM2613883 capilEC
GSM2613884     aEC
GSM2613885     aEC
GSM2613886 capilEC
GSM2613887     EC1
GSM2613888     EC3
GSM2613889     EC3
GSM2613890     aEC
GSM2613891     aEC
GSM2613892     vEC
GSM2613893 capilEC
GSM2613894     aEC
GSM2613895     vEC
GSM2613896 capilEC
GSM2613897     aEC
GSM2613899     vEC
GSM2613900     EC1
GSM2613901     aEC
GSM2613902 capilEC
GSM2613903     EC3
GSM2613904     vEC
GSM2613905     aEC
GSM2613906     vEC
GSM2613907 capilEC
GSM2613908     aEC
GSM2613909 capilEC
GSM2613910     vEC
GSM2613912     EC1
GSM2613913     aEC
GSM2613914     vEC
GSM2613915     EC1
GSM2613916 capilEC
GSM2613917     aEC
GSM2613918 capilEC
GSM2613919 capilEC
GSM2613920     EC3
GSM2613921 capilEC
GSM2613922     aEC
GSM2613923     EC1
GSM2613924     vEC
GSM2613925     vEC
GSM2613926 capilEC
GSM2613927     vEC
GSM2613929     EC3
GSM2613930     vEC
GSM2613931     aEC
GSM2613932     EC2
GSM2613934     aEC
GSM2613935     vEC
GSM2613936 capilEC
GSM2613937     EC3
GSM2613938 capilEC
GSM2613939     EC2
GSM2613940     vEC
GSM2613941     EC2
GSM2613942 capilEC
GSM2613943     aEC
GSM2613944     vEC
GSM2613945 capilEC
GSM2613946     aEC
GSM2613947     vEC
GSM2613948     EC1
GSM2613949     vEC
GSM2613950     aEC
GSM2613951 capilEC
GSM2613952     EC3
GSM2613953     aEC
GSM2613954     vEC
GSM2613955     aEC
GSM2613956     aEC
GSM2613957     vEC
GSM2613958     aEC
GSM2613959     EC3
GSM2613960     EC1
GSM2613961     aEC
GSM2613962     vEC
GSM2613963     vEC
GSM2613964 capilEC
GSM2613965 capilEC
GSM2613966     vEC
GSM2613967     vEC
GSM2613968     vEC
GSM2613969     EC3
GSM2613970     aEC
GSM2613971     EC1
GSM2613972     vEC
GSM2613973     vEC
GSM2613974     EC1
GSM2613976     vEC
GSM2613977     aEC
GSM2613978     aEC
GSM2613979     aEC
GSM2613980     vEC
GSM2613981     EC3
GSM2613982     aEC
GSM2613983     EC1
GSM2613984      PC
GSM2613985      PC
GSM2613986      PC
GSM2613987      PC
GSM2613988    vSMC
GSM2613989      PC
GSM2613990      PC
GSM2613992      PC
GSM2613993      PC
GSM2613994      PC
GSM2613995      PC
GSM2613996      PC
GSM2613997    vSMC
GSM2613998      PC
GSM2613999      PC
GSM2614000      PC
GSM2614002      PC
GSM2614003      PC
GSM2614004    aSMC
GSM2614005      PC
GSM2614007      PC
GSM2614008      PC
GSM2614009      PC
GSM2614010      PC
GSM2614011      PC
GSM2614012      PC
GSM2614013      PC
GSM2614014      PC
GSM2614015      PC
GSM2614016      PC
GSM2614017   aaSMC
GSM2614018      PC
GSM2614020      PC
GSM2614021      PC
GSM2614023      PC
GSM2614024      PC
GSM2614025 capilEC
GSM2614026      PC
GSM2614027      PC
GSM2614028    aSMC
GSM2614029      PC
GSM2614030      PC
GSM2614031      PC
GSM2614032      PC
GSM2614033   aaSMC
GSM2614034      PC
GSM2614035      PC
GSM2614036      PC
GSM2614037      PC
GSM2614038      PC
GSM2614039      PC
GSM2614040      PC
GSM2614041   aaSMC
GSM2614042      PC
GSM2614043      PC
GSM2614044     EC2
GSM2614045      PC
GSM2614046      PC
GSM2614048      PC
GSM2614049      PC
GSM2614050      PC
GSM2614051      PC
GSM2614052      PC
GSM2614053     EC3
GSM2614054      PC
GSM2614055      PC
GSM2614056      PC
GSM2614057 capilEC
GSM2614058    vSMC
GSM2614059      PC
GSM2614060    vSMC
GSM2614061      PC
GSM2614062    vSMC
GSM2614063      PC
GSM2614064    aSMC
GSM2614065    aSMC
GSM2614066      PC
GSM2614067      PC
GSM2614068      PC
GSM2614069    aSMC
GSM2614070      PC
GSM2614071      PC
GSM2614072    vSMC
GSM2614073      PC
GSM2614074      PC
GSM2614075      PC
GSM2614076      PC
GSM2614077      PC
GSM2614078      PC
GSM2614079      PC
GSM2614080    aSMC
GSM2614081      PC
GSM2614082      PC
GSM2614083    vSMC
GSM2614084      PC
GSM2614085      PC
GSM2614086      PC
GSM2614087      PC
GSM2614088      PC
GSM2614089     vEC
GSM2614090    vSMC
GSM2614091      PC
GSM2614092      PC
GSM2614093      PC
GSM2614095    vSMC
GSM2614096      PC
GSM2614097      PC
GSM2614098      PC
GSM2614099      PC
GSM2614100 capilEC
GSM2614101      PC
GSM2614102      PC
GSM2614103   aaSMC
GSM2614105      PC
GSM2614106      PC
GSM2614107      PC
GSM2614108    aSMC
GSM2614109      PC
GSM2614110      PC
GSM2614111    aSMC
GSM2614112      PC
GSM2614113    aSMC
GSM2614114      PC
GSM2614115      PC
GSM2614116    vSMC
GSM2614117      PC
GSM2614118    vSMC
GSM2614119      PC
GSM2614120      PC
GSM2614121      PC
GSM2614122   aaSMC
GSM2614123      PC
GSM2614124      PC
GSM2614125      PC
GSM2614126    vSMC
GSM2614127    aSMC
GSM2614128      PC
GSM2614129      PC
GSM2614130      PC
GSM2614131      PC
GSM2614132      PC
GSM2614133    vSMC
GSM2614134   aaSMC
GSM2614135      PC
GSM2614136      PC
GSM2614137      PC
GSM2614138      PC
GSM2614139      PC
GSM2614140      PC
GSM2614141      PC
GSM2614142      PC
GSM2614143      PC
GSM2614144    vSMC
GSM2614145    vSMC
GSM2614146      PC
GSM2614147      PC
GSM2614148      PC
GSM2614149   aaSMC
GSM2614150      AC
GSM2614151      PC
GSM2614152      PC
GSM2614153      PC
GSM2614154      PC
GSM2614155      PC
GSM2614156    aSMC
GSM2614157      PC
GSM2614158      PC
GSM2614159      PC
GSM2614161    aSMC
GSM2614162      PC
GSM2614163      PC
GSM2614164      PC
GSM2614165      PC
GSM2614166      PC
GSM2614167      PC
GSM2614168    aSMC
GSM2614169    aSMC
GSM2614170      AC
GSM2614171      PC
GSM2614172    vSMC
GSM2614173      PC
GSM2614174   aaSMC
GSM2614175      PC
GSM2614176      PC
GSM2614177      PC
GSM2614178     aEC
GSM2614179      PC
GSM2614180      PC
GSM2614181      PC
GSM2614182      PC
GSM2614183      PC
GSM2614184      PC
GSM2614185      PC
GSM2614186    vSMC
GSM2614187      PC
GSM2614188     vEC
GSM2614189      PC
GSM2614190     EC2
GSM2614191    aSMC
GSM2614192      PC
GSM2614193      PC
GSM2614194      PC
GSM2614195      PC
GSM2614196      PC
GSM2614197      PC
GSM2614198      PC
GSM2614200    vSMC
GSM2614201      PC
GSM2614202    aSMC
GSM2614203      PC
GSM2614204      PC
GSM2614205    vSMC
GSM2614206      PC
GSM2614207      PC
GSM2614208      PC
GSM2614209      PC
GSM2614210    vSMC
GSM2614211    aSMC
GSM2614212    aSMC
GSM2614213      PC
GSM2614214    aSMC
GSM2614215      PC
GSM2614216    aSMC
GSM2614217      PC
GSM2614218      PC
GSM2614219      PC
GSM2614220      AC
GSM2614221      PC
GSM2614222      PC
GSM2614223      PC
GSM2614224      PC
GSM2614226      AC
GSM2614227      PC
GSM2614228      PC
GSM2614229    aSMC
GSM2614230   aaSMC
GSM2614231    aSMC
GSM2614232      PC
GSM2614233      PC
GSM2614234    aSMC
GSM2614235      PC
GSM2614236      PC
GSM2614237      PC
GSM2614238      PC
GSM2614240    aSMC
GSM2614241      PC
GSM2614242   aaSMC
GSM2614243      PC
GSM2614244      PC
GSM2614245    vSMC
GSM2614246    aSMC
GSM2614247      PC
GSM2614248      PC
GSM2614249      PC
GSM2614250    aSMC
GSM2614251      PC
GSM2614252      PC
GSM2614253      PC
GSM2614254    vSMC
GSM2614255    vSMC
GSM2614256      PC
GSM2614257      PC
GSM2614258      PC
GSM2614259    vSMC
GSM2614260      PC
GSM2614261      PC
GSM2614262      PC
GSM2614263      PC
GSM2614264      AC
GSM2614265      MG
GSM2614267    aSMC
GSM2614268      PC
GSM2614269      PC
GSM2614270      PC
GSM2614271      PC
GSM2614272    vSMC
GSM2614273      PC
GSM2614274      PC
GSM2614275      PC
GSM2614276      PC
GSM2614277      PC
GSM2614278      PC
GSM2614279    vSMC
GSM2614280      PC
GSM2614281      PC
GSM2614282      PC
GSM2614283     aEC
GSM2614284    aSMC
GSM2614285      PC
GSM2614286      PC
GSM2614287   aaSMC
GSM2614288      PC
GSM2614289      PC
GSM2614290      PC
GSM2614291      PC
GSM2614292      PC
GSM2614293      PC
GSM2614294      PC
GSM2614295      PC
GSM2614296      PC
GSM2614297      PC
GSM2614298      PC
GSM2614300      PC
GSM2614301    aSMC
GSM2614302     EC3
GSM2614303      PC
GSM2614304      PC
GSM2614305     EC3
GSM2614306      PC
GSM2614307      PC
GSM2614308      PC
GSM2614309    aSMC
GSM2614310      PC
GSM2614311      PC
GSM2614312    vSMC
GSM2614313    aSMC
GSM2614315      PC
GSM2614316    vSMC
GSM2614317      PC
GSM2614318      PC
GSM2614319      PC
GSM2614320     aEC
GSM2614321      PC
GSM2614322      PC
GSM2614323      PC
GSM2614324      PC
GSM2614325      PC
GSM2614326    aSMC
GSM2614328      PC
GSM2614330     vEC
GSM2614331      PC
GSM2614332      PC
GSM2614333      PC
GSM2614334      PC
GSM2614335      PC
GSM2614336      MG
GSM2614338      AC
GSM2614339    aSMC
GSM2614340      PC
GSM2614341      PC
GSM2614342      PC
GSM2614343      PC
GSM2614344      PC
GSM2614345    aSMC
GSM2614346      PC
GSM2614347      PC
GSM2614348 capilEC
GSM2614349      PC
GSM2614350      PC
GSM2614351      PC
GSM2614352      PC
GSM2614353     vEC
GSM2614354      PC
GSM2614355      PC
GSM2614356      PC
GSM2614357      PC
GSM2614358      PC
GSM2614359      PC
GSM2614360      PC
GSM2614361      PC
GSM2614362      PC
GSM2614363      PC
GSM2614364      PC
GSM2614365   aaSMC
GSM2614366    aSMC
GSM2614367      PC
GSM2614368    aSMC
GSM2614369      PC
GSM2614370      PC
GSM2614371      PC
GSM2614373      PC
GSM2614374      PC
GSM2614375      PC
GSM2614376    aSMC
GSM2614378    aSMC
GSM2614379      PC
GSM2614380      PC
GSM2614381      PC
GSM2614382      PC
GSM2614384      PC
GSM2614385     EC2
GSM2614386      PC
GSM2614387    vSMC
GSM2614388      PC
GSM2614391      PC
GSM2614392      PC
GSM2614393    aSMC
GSM2614394      PC
GSM2614395      PC
GSM2614396      PC
GSM2614397     EC1
GSM2614398      PC
GSM2614399   aaSMC
GSM2614400    vSMC
GSM2614401      PC
GSM2614402      PC
GSM2614403      PC
GSM2614404      PC
GSM2614405      PC
GSM2614406      PC
GSM2614407      PC
GSM2614408      PC
GSM2614409      PC
GSM2614410      PC
GSM2614411      PC
GSM2614412     EC1
GSM2614413      PC
GSM2614414      PC
GSM2614415      PC
GSM2614416      AC
GSM2614417      PC
GSM2614418      PC
GSM2614419      PC
GSM2614420      PC
GSM2614421 capilEC
GSM2614422    aSMC
GSM2614423      PC
GSM2614424      PC
GSM2614425      PC
GSM2614426    vSMC
GSM2614427      PC
GSM2614428      PC
GSM2614429    aSMC
GSM2614430      PC
GSM2614431    vSMC
GSM2614432   aaSMC
GSM2614433      PC
GSM2614434      PC
GSM2614435    vSMC
GSM2614436      PC
GSM2614438      PC
GSM2614439      PC
GSM2614440      PC
GSM2614441      PC
GSM2614442      PC
GSM2614443      PC
GSM2614444 capilEC
GSM2614445      PC
GSM2614446      PC
GSM2614447      PC
GSM2614448    aSMC
GSM2614450    vSMC
GSM2614451     vEC
GSM2614453      PC
GSM2614454      PC
GSM2614455      PC
GSM2614456      PC
GSM2614457      PC
GSM2614458      PC
GSM2614459      PC
GSM2614460      PC
GSM2614461      PC
GSM2614462    vSMC
GSM2614463    vSMC
GSM2614464      PC
GSM2614465      PC
GSM2614466      PC
GSM2614467      PC
GSM2614468 capilEC
GSM2614469      PC
GSM2614470      PC
GSM2614471      PC
GSM2614472    vSMC
GSM2614473      PC
GSM2614474      PC
GSM2614475     EC1
GSM2614476    vSMC
GSM2614477      PC
GSM2614478      PC
GSM2614479      PC
GSM2614480      PC
GSM2614481      PC
GSM2614482   aaSMC
GSM2614483      PC
GSM2614484      PC
GSM2614485      PC
GSM2614486 capilEC
GSM2614487      PC
GSM2614488      PC
GSM2614489      PC
GSM2614490      PC
GSM2614491      PC
GSM2614492      PC
GSM2614493      PC
GSM2614494    vSMC
GSM2614495    aSMC
GSM2614496    vSMC
GSM2614497      PC
GSM2614498   aaSMC
GSM2614499      PC
GSM2614500      PC
GSM2614501    aSMC
GSM2614502      PC
GSM2614503      PC
GSM2614504      PC
GSM2614505      PC
GSM2614506    vSMC
GSM2614507      PC
GSM2614508      PC
GSM2614509      PC
GSM2614510      PC
GSM2614511      PC
GSM2614512      PC
GSM2614513      PC
GSM2614514      PC
GSM2614515      PC
GSM2614516      PC
GSM2614517      PC
GSM2614518      PC
GSM2614519      PC
GSM2614520      PC
GSM2614521      PC
GSM2614522      PC
GSM2614523      PC
GSM2614524    vSMC
GSM2614525      PC
GSM2614526      PC
GSM2614527      PC
GSM2614528      AC
GSM2614529      PC
GSM2614530     EC3
GSM2614531   aaSMC
GSM2614532      PC
GSM2614534      PC
GSM2614535      PC
GSM2614536 capilEC
GSM2614537      PC
GSM2614538      PC
GSM2614539    aSMC
GSM2614540 capilEC
GSM2614541      PC
GSM2614542      PC
GSM2614543      PC
GSM2614544      PC
GSM2614545      PC
GSM2614546      PC
GSM2614547    aSMC
GSM2614548      PC
GSM2614549      PC
GSM2614550    aSMC
GSM2614551     aEC
GSM2614552   aaSMC
GSM2614554      PC
GSM2614555      PC
GSM2614556      PC
GSM2614557      PC
GSM2614558    aSMC
GSM2614559    vSMC
GSM2614560      PC
GSM2614561      PC
GSM2614562      PC
GSM2614563    vSMC
GSM2614564   aaSMC
GSM2614565    aSMC
GSM2614566      PC
GSM2614567   aaSMC
GSM2614568   aaSMC
GSM2614569      PC
GSM2614570      PC
GSM2614571      PC
GSM2614572      PC
GSM2614573      PC
GSM2614574      PC
GSM2614575   aaSMC
GSM2614576      PC
GSM2614577      PC
GSM2614578    aSMC
GSM2614579      PC
GSM2614580      AC
GSM2614581     EC3
GSM2614582      PC
GSM2614583     vEC
GSM2614584      PC
GSM2614585      PC
GSM2614586      PC
GSM2614587      PC
GSM2614588      PC
GSM2614589      PC
GSM2614590      PC
GSM2614591    aSMC
GSM2614593      PC
GSM2614594      PC
GSM2614595      PC
GSM2614596      PC
GSM2614598      PC
GSM2614599      PC
GSM2614600    vSMC
GSM2614601      PC
GSM2614602   aaSMC
GSM2614603      PC
GSM2614604      PC
GSM2614605     EC1
GSM2614607    aSMC
GSM2614608      PC
GSM2614609      PC
GSM2614610    aSMC
GSM2614611      PC
GSM2614612      PC
GSM2614613      PC
GSM2614614      PC
GSM2614615   aaSMC
GSM2614616      PC
GSM2614618      PC
GSM2614619    aSMC
GSM2614620    aSMC
GSM2614621      PC
GSM2614622      PC
GSM2614623      PC
GSM2614624      PC
GSM2614625      PC
GSM2614626      PC
GSM2614627 capilEC
GSM2614629      PC
GSM2614630    vSMC
GSM2614631    aSMC
GSM2614632      PC
GSM2614633    vSMC
GSM2614634      PC
GSM2614635      PC
GSM2614636     EC1
GSM2614637      PC
GSM2614638      PC
GSM2614639    vSMC
GSM2614640      PC
GSM2614641     EC1
GSM2614643      PC
GSM2614644    aSMC
GSM2614645      PC
GSM2614646      PC
GSM2614647    aSMC
GSM2614649    vSMC
GSM2614650      PC
GSM2614651      PC
GSM2614652      PC
GSM2614653      PC
GSM2614654      PC
GSM2614655    vSMC
GSM2614656    vSMC
GSM2614657      PC
GSM2614658      PC
GSM2614659      PC
GSM2614660   aaSMC
GSM2614661      PC
GSM2614662      PC
GSM2614663 capilEC
GSM2614664      PC
GSM2614665      PC
GSM2614666     EC1
GSM2614667      PC
GSM2614668      PC
GSM2614669      PC
GSM2614670      PC
GSM2614671     EC3
GSM2614672      PC
GSM2614673      PC
GSM2614674      PC
GSM2614675      PC
GSM2614676   aaSMC
GSM2614677      PC
GSM2614678      PC
GSM2614679      PC
GSM2614680      PC
GSM2614681    aSMC
GSM2614682    aSMC
GSM2614683      PC
GSM2614684      PC
GSM2614685      PC
GSM2614686      PC
GSM2614687      PC
GSM2614688      PC
GSM2614689    vSMC
GSM2614690      PC
GSM2614691      PC
GSM2614692      PC
GSM2614693      PC
GSM2614694      PC
GSM2614695      PC
GSM2614696      PC
GSM2614698      PC
GSM2614699      PC
GSM2614700     EC1
GSM2614701    vSMC
GSM2614702      PC
GSM2614703      PC
GSM2614704      PC
GSM2614705      PC
GSM2614706 capilEC
GSM2614707      PC
GSM2614708      PC
GSM2614709      PC
GSM2614711    aSMC
GSM2614712    vSMC
GSM2614713      AC
GSM2614714      PC
GSM2614715      PC
GSM2614716   aaSMC
GSM2614717      PC
GSM2614718      PC
GSM2614719      PC
GSM2614720    vSMC
GSM2614721      PC
GSM2614724      PC
GSM2614725      PC
GSM2614726      PC
GSM2614727      PC
GSM2614729      PC
GSM2614730      PC
GSM2614731    aSMC
GSM2614732      PC
GSM2614733    vSMC
GSM2614734      PC
GSM2614735      PC
GSM2614736      PC
GSM2614738      PC
GSM2614739      PC
GSM2614741      PC
GSM2614742      PC
GSM2614743      PC
GSM2614744      PC
GSM2614746    vSMC
GSM2614747      PC
GSM2614748      PC
GSM2614749    aSMC
GSM2614750      PC
GSM2614751      PC
GSM2614752      PC
GSM2614753   aaSMC
GSM2614754      PC
GSM2614755      PC
GSM2614756      PC
GSM2614757     EC1
GSM2614758   aaSMC
GSM2614759      PC
GSM2614760      PC
GSM2614761      PC
GSM2614762    aSMC
GSM2614764      PC
GSM2614765      PC
GSM2614766    vSMC
GSM2614767      PC
GSM2614768      PC
GSM2614769      PC
GSM2614770      PC
GSM2614771   aaSMC
GSM2614772      PC
GSM2614774      PC
GSM2614775   aaSMC
GSM2614776      PC
GSM2614777      PC
GSM2614778      PC
GSM2614779      PC
GSM2614780      PC
GSM2614781      PC
GSM2614782   aaSMC
GSM2614783      PC
GSM2614784    aSMC
GSM2614785    vSMC
GSM2614786      PC
GSM2614787      PC
GSM2614788      PC
GSM2614789      PC
GSM2614790      PC
GSM2614791      PC
GSM2614792    vSMC
GSM2614793     EC2
GSM2614794     EC1
GSM2614795      PC
GSM2614796      PC
GSM2614797      PC
GSM2614798      PC
GSM2614799      PC
GSM2614800      PC
GSM2614801      PC
GSM2614802    vSMC
GSM2614803    aSMC
GSM2614804      PC
GSM2614805    vSMC
GSM2614806      PC
GSM2614807    vSMC
GSM2614808      PC
GSM2614809      PC
GSM2614810      PC
GSM2614811      PC
GSM2614812    vSMC
GSM2614813      PC
GSM2614814      PC
GSM2614815      PC
GSM2614816      PC
GSM2614817      PC
GSM2614818    aSMC
GSM2614819      AC
GSM2614820 capilEC
GSM2614821    vSMC
GSM2614822      PC
GSM2614823   aaSMC
GSM2614824      PC
GSM2614825      PC
GSM2614826   aaSMC
GSM2614827    aSMC
GSM2614828     EC1
GSM2614829      PC
GSM2614830      PC
GSM2614831      PC
GSM2614832 capilEC
GSM2614833      PC
GSM2614834      PC
GSM2614835   aaSMC
GSM2614836      PC
GSM2614837      PC
GSM2614838    aSMC
GSM2614839     EC3
GSM2614840      PC
GSM2614841      PC
GSM2614842      PC
GSM2614843      PC
GSM2614844      PC
GSM2614845      PC
GSM2614846     EC1
GSM2614847    aSMC
GSM2614848      PC
GSM2614849      PC
GSM2614850      PC
GSM2614851   aaSMC
GSM2614852      PC
GSM2614853      PC
GSM2614854      PC
GSM2614855      PC
GSM2614856    vSMC
GSM2614857      PC
GSM2614858      PC
GSM2614860      PC
GSM2614861      PC
GSM2614862      PC
GSM2614864      PC
GSM2614865      PC
GSM2614866      PC
GSM2614869      PC
GSM2614870      PC
GSM2614871      PC
GSM2614872      PC
GSM2614873    vSMC
GSM2614874      PC
GSM2614875      PC
GSM2614876    vSMC
GSM2614877      PC
GSM2614878      PC
GSM2614879    aSMC
GSM2614880      PC
GSM2614881      PC
GSM2614882      PC
GSM2614883      PC
GSM2614884    vSMC
GSM2614885      PC
GSM2614886      PC
GSM2614887      PC
GSM2614888    vSMC
GSM2614889      PC
GSM2614890   aaSMC
GSM2614891     EC1
GSM2614892      PC
GSM2614893      PC
GSM2614894      PC
GSM2614895      PC
GSM2614896      PC
GSM2614897    aSMC
GSM2614898      PC
GSM2614899      PC
GSM2614900      PC
GSM2614901      PC
GSM2614902      PC
GSM2614904      PC
GSM2614905    vSMC
GSM2614906 capilEC
GSM2614907      PC
GSM2614908    aSMC
GSM2614909      PC
GSM2614910      PC
GSM2614911    aSMC
GSM2614912      PC
GSM2614913      PC
GSM2614914      PC
GSM2614915      PC
GSM2614917      PC
GSM2614918      PC
GSM2614919    aSMC
GSM2614920      PC
GSM2614921     aEC
GSM2614922      PC
GSM2614923     EC1
GSM2614924      PC
GSM2614925      PC
GSM2614926      PC
GSM2614927      PC
GSM2614928    vSMC
GSM2614929     EC1
GSM2614931      PC
GSM2614932      PC
GSM2614933      PC
GSM2614934    vSMC
GSM2614935      PC
GSM2614936      PC
GSM2614939      PC
GSM2614940      PC
GSM2614941      PC
GSM2614942      PC
GSM2614944   aaSMC
GSM2614945      PC
GSM2614946      PC
GSM2614947      PC
GSM2614948      PC
GSM2614949      PC
GSM2614951      PC
GSM2614952      PC
GSM2614953     EC1
GSM2614954      PC
GSM2614955      PC
GSM2614956      PC
GSM2614957      PC
GSM2614958      PC
GSM2614959      PC
GSM2614960   aaSMC
GSM2614961    aSMC
GSM2614962      PC
GSM2614963    vSMC
GSM2614964      PC
GSM2614965    aSMC
GSM2614966      PC
GSM2614967   aaSMC
GSM2614969      PC
GSM2614970      PC
GSM2614971      PC
GSM2614972      PC
GSM2614973    vSMC
GSM2614974      PC
GSM2614976      PC
GSM2614977     EC3
GSM2614978      AC
GSM2614980      PC
GSM2614981      PC
GSM2614982      PC
GSM2614983      PC
GSM2614984      PC
GSM2614985      PC
GSM2614986      PC
GSM2614987      PC
GSM2614988      PC
GSM2614989      PC
GSM2614990      PC
GSM2614991      PC
GSM2614992      PC
GSM2614993    vSMC
GSM2614994      PC
GSM2614996     EC1
GSM2614997      PC
GSM2614998      PC
GSM2614999      PC
GSM2615000      PC
GSM2615001     EC1
GSM2615002    aSMC
GSM2615003      PC
GSM2615004      PC
GSM2615005      PC
GSM2615006    aSMC
GSM2615007      PC
GSM2615008      PC
GSM2615009    aSMC
GSM2615010     aEC
GSM2615011      PC
GSM2615012      PC
GSM2615013      PC
GSM2615014      PC
GSM2615015      PC
GSM2615016      PC
GSM2615017      PC
GSM2615018      PC
GSM2615019    aSMC
GSM2615020      PC
GSM2615021      PC
GSM2615023      PC
GSM2615024      PC
GSM2615025      PC
GSM2615026   aaSMC
GSM2615027      PC
GSM2615028      AC
GSM2615029      PC
GSM2615030      PC
GSM2615031      PC
GSM2615032      PC
GSM2615033      PC
GSM2615034      PC
GSM2615035    vSMC
GSM2615036      PC
GSM2615037      PC
GSM2615038    aSMC
GSM2615039      PC
GSM2615040    vSMC
GSM2615042      PC
GSM2615043      PC
GSM2615044   aaSMC
GSM2615045      PC
GSM2615046    aSMC
GSM2615047    aSMC
GSM2615048      PC
GSM2615049      PC
GSM2615050   aaSMC
GSM2615051      AC
GSM2615052      PC
GSM2615053      PC
GSM2615054      AC
GSM2615055      PC
GSM2615056      PC
GSM2615057    vSMC
GSM2615058      PC
GSM2615059      PC
GSM2615060      PC
GSM2615061      PC
GSM2615062   aaSMC
GSM2615063      PC
GSM2615064      PC
GSM2615065      PC
GSM2615066      PC
GSM2615067      PC
GSM2615068    aSMC
GSM2615069      PC
GSM2615070      PC
GSM2615071      PC
GSM2615072     aEC
GSM2615073      PC
GSM2615074    vSMC
GSM2615075      PC
GSM2615076      PC
GSM2615077     EC1
GSM2615078      PC
GSM2615079      PC
GSM2615080      PC
GSM2615081      PC
GSM2615082   aaSMC
GSM2615083    aSMC
GSM2615084     EC1
GSM2615085     EC1
GSM2615086      PC
GSM2615087      PC
GSM2615088      PC
GSM2615089      PC
GSM2615090      PC
GSM2615091   aaSMC
GSM2615092      PC
GSM2615094    aSMC
GSM2615095    vSMC
GSM2615096    vSMC
GSM2615097    vSMC
GSM2615098      PC
GSM2615099      PC
GSM2615100      PC
GSM2615101      PC
GSM2615102      PC
GSM2615103      PC
GSM2615104      PC
GSM2615105      PC
GSM2615106    aSMC
GSM2615107      PC
GSM2615108      PC
GSM2615109      PC
GSM2615110      PC
GSM2615111      PC
GSM2615112      PC
GSM2615113      PC
GSM2615114      PC
GSM2615115    vSMC
GSM2615116      PC
GSM2615117      PC
GSM2615118    aSMC
GSM2615119      PC
GSM2615120    aSMC
GSM2615121      PC
GSM2615122    aSMC
GSM2615123      PC
GSM2615124      PC
GSM2615125      PC
GSM2615126      PC
GSM2615127      PC
GSM2615128      PC
GSM2615129      PC
GSM2615130      PC
GSM2615131      PC
GSM2615132      PC
GSM2615133      PC
GSM2615134      PC
GSM2615135      PC
GSM2615136      PC
GSM2615137   aaSMC
GSM2615138      PC
GSM2615139    aSMC
GSM2615140      PC
GSM2615141     EC3
GSM2615143      PC
GSM2615144      PC
GSM2615145      PC
GSM2615146      PC
GSM2615147      PC
GSM2615148      PC
GSM2615149    vSMC
GSM2615150      PC
GSM2615151      PC
GSM2615152      PC
GSM2615153      PC
GSM2615154      PC
GSM2615155      PC
GSM2615156      PC
GSM2615157    aSMC
GSM2615158      PC
GSM2615159      PC
GSM2615160      PC
GSM2615161      PC
GSM2615162    vSMC
GSM2615163   aaSMC
GSM2615164      PC
GSM2615165      PC
GSM2615166    vSMC
GSM2615167      PC
GSM2615168      PC
GSM2615169      PC
GSM2615170      PC
GSM2615171      PC
GSM2615172      PC
GSM2615173    vSMC
GSM2615174      PC
GSM2615175      PC
GSM2615176   aaSMC
GSM2615177      PC
GSM2615178    vSMC
GSM2615179      PC
GSM2615180      PC
GSM2615181      PC
GSM2615182      PC
GSM2615183      PC
GSM2615184      PC
GSM2615185      PC
GSM2615186      PC
GSM2615187      PC
GSM2615188   aaSMC
GSM2615189      PC
GSM2615190      PC
GSM2615191      PC
GSM2615192      PC
GSM2615193      PC
GSM2615194      PC
GSM2615195    aSMC
GSM2615196      PC
GSM2615197      PC
GSM2615198      PC
GSM2615199      PC
GSM2615200      PC
GSM2615201      PC
GSM2615202      PC
GSM2615203      PC
GSM2615204      PC
GSM2615205      PC
GSM2615206      PC
GSM2615207      PC
GSM2615208      PC
GSM2615209    aSMC
GSM2615210      PC
GSM2615211      PC
GSM2615212    aSMC
GSM2615213      PC
GSM2615214      PC
GSM2615215      PC
GSM2615216      PC
GSM2615217      PC
GSM2615219      PC
GSM2615220      PC
GSM2615221      PC
GSM2615222      PC
GSM2615223      PC
GSM2615224      PC
GSM2615226      PC
GSM2615227      PC
GSM2615228      PC
GSM2615229      PC
GSM2615230      PC
GSM2615231   aaSMC
GSM2615232      PC
GSM2615233      PC
GSM2615234   aaSMC
GSM2615235      PC
GSM2615236      PC
GSM2615237    vSMC
GSM2615238      PC
GSM2615239      PC
GSM2615240      PC
GSM2615241    aSMC
GSM2615242    aSMC
GSM2615243      PC
GSM2615244    vSMC
GSM2615245      PC
GSM2615246      PC
GSM2615247     aEC
GSM2615248    vSMC
GSM2615249    aSMC
GSM2615251      PC
GSM2615252      PC
GSM2615253      PC
GSM2615254      PC
GSM2615255      PC
GSM2615256      PC
GSM2615258      PC
GSM2615259      PC
GSM2615260   aaSMC
GSM2615261    aSMC
GSM2615262      PC
GSM2615263      PC
GSM2615264      PC
GSM2615265    vSMC
GSM2615266      PC
GSM2615267      PC
GSM2615268      PC
GSM2615269     EC1
GSM2615270      PC
GSM2615271      PC
GSM2615272      PC
GSM2615273      PC
GSM2615274      PC
GSM2615275    aSMC
GSM2615276      PC
GSM2615277      PC
GSM2615278      PC
GSM2615279    aSMC
GSM2615280      PC
GSM2615281      PC
GSM2615282    aSMC
GSM2615283    vSMC
GSM2615284      PC
GSM2615285      PC
GSM2615286      PC
GSM2615287      PC
GSM2615288      PC
GSM2615289      PC
GSM2615290      PC
GSM2615291      PC
GSM2615292    vSMC
GSM2615293     EC3
GSM2615294      PC
GSM2615295      PC
GSM2615296      PC
GSM2615297      PC
GSM2615298      PC
GSM2615299      PC
GSM2615300      PC
GSM2615301      PC
GSM2615302    aSMC
GSM2615303    aSMC
GSM2615304      PC
GSM2615305      PC
GSM2615306      PC
GSM2615307     EC1
GSM2615310      PC
GSM2615311      PC
GSM2615312      PC
GSM2615313      PC
GSM2615314      PC
GSM2615315      PC
GSM2615316      PC
GSM2615317      PC
GSM2615318      PC
GSM2615319      PC
GSM2615320      PC
GSM2615321      PC
GSM2615322      PC
GSM2615323    aSMC
GSM2615324      PC
GSM2615325      PC
GSM2615326      PC
GSM2615327      PC
GSM2615328      PC
GSM2615329      PC
GSM2615330      PC
GSM2615331    vSMC
GSM2615332      PC
GSM2615333   aaSMC
GSM2615334      PC
GSM2615335     vEC
GSM2615336    aSMC
GSM2615337      PC
GSM2615338      PC
GSM2615339      PC
GSM2615341      PC
GSM2615342      PC
GSM2615343      PC
GSM2615345      PC
GSM2615346      PC
GSM2615347      PC
GSM2615349      PC
GSM2615350      PC
GSM2615351      PC
GSM2615352      PC
GSM2615354    aSMC
GSM2615355      PC
GSM2615356      PC
GSM2615357      PC
GSM2615358    aSMC
GSM2615359      PC
GSM2615360   aaSMC
GSM2615362      PC
GSM2615363      PC
GSM2615364      PC
GSM2615365    aSMC
GSM2615367    vSMC
GSM2615368      PC
GSM2615370      PC
GSM2615371      PC
GSM2615372    vSMC
GSM2615373      PC
GSM2615374    aSMC
GSM2615375    aSMC
GSM2615376      PC
GSM2615377      PC
GSM2615378      PC
GSM2615379      PC
GSM2615380      PC
GSM2615381      PC
GSM2615382    aSMC
GSM2615383      PC
GSM2615384    aSMC
GSM2615385      PC
GSM2615386      PC
GSM2615387      PC
GSM2615388      PC
GSM2615389      PC
GSM2615390    aSMC
GSM2615391      PC
GSM2615392    aSMC
GSM2615393      PC
GSM2615394      PC
GSM2615396    vSMC
GSM2615397      PC
GSM2615398      PC
GSM2615399      PC
GSM2615400      PC
GSM2615401      PC
GSM2615402      PC
GSM2615403    aSMC
GSM2615404      PC
GSM2615405      PC
GSM2615406      PC
GSM2615407     aEC
GSM2615408      PC
GSM2615409      PC
GSM2615410     EC1
GSM2615412      PC
GSM2615414      PC
GSM2615415      PC
GSM2615416      PC
GSM2615417      PC
GSM2615418      PC
GSM2615419      PC
GSM2615420      PC
GSM2615421     aEC
GSM2615422   aaSMC
GSM2615423      PC
GSM2615424    aSMC
GSM2615425      PC
GSM2615426      PC
GSM2615427      PC
GSM2615428      PC
GSM2615429      PC
GSM2615430      PC
GSM2615431      PC
GSM2615432      PC
GSM2615433      PC
GSM2615434      PC
GSM2615435      PC
GSM2615436      PC
GSM2615437      PC
GSM2615439      PC
GSM2615440    aSMC
GSM2615441      PC
GSM2615442    aSMC
GSM2615443      PC
GSM2615444    aSMC
GSM2615445      PC
GSM2615446     EC1
GSM2615447      PC
GSM2615448      PC
GSM2615449      PC
GSM2615450      PC
GSM2615451      PC
GSM2615452    vSMC
GSM2615453      PC
GSM2615454      PC
GSM2615455      PC
GSM2615456      PC
GSM2615457   aaSMC
GSM2615458      PC
GSM2615459      PC
GSM2615461      PC
GSM2615462    vSMC
GSM2615463      PC
GSM2615464      PC
GSM2615465      PC
GSM2615466    aSMC
GSM2615467      PC
GSM2615472      OL
GSM2615473      OL
GSM2615474      MG
GSM2615477      OL
GSM2615479     FB1
GSM2615486      OL
GSM2615489     aEC
GSM2615493     FB1
GSM2615494     FB2
GSM2615498     FB2
GSM2615501     FB1
GSM2615502     FB1
GSM2615506     FB2
GSM2615512     FB2
GSM2615514      OL
GSM2615519     FB1
GSM2615521      OL
GSM2615522     FB1
GSM2615525      OL
GSM2615531      OL
GSM2615534     FB1
GSM2615537      MG
GSM2615539     FB1
GSM2615540      OL
GSM2615543     FB2
GSM2615545      OL
GSM2615546     FB2
GSM2615549      OL
GSM2615551      OL
GSM2615552     FB2
GSM2615558     FB2
GSM2615559      OL
GSM2615560     FB1
GSM2615562      OL
GSM2615565      OL
GSM2615567      OL
GSM2615575     FB1
GSM2615578     FB1
GSM2615579      OL
GSM2615581     FB2
GSM2615582      OL
GSM2615584      OL
GSM2615585      OL
GSM2615587      OL
GSM2615588      OL
GSM2615589      OL
GSM2615590      OL
GSM2615591     FB1
GSM2615592      OL
GSM2615593      OL
GSM2615594     FB2
GSM2615595      OL
GSM2615596      OL
GSM2615597     FB1
GSM2615602      OL
GSM2615603      OL
GSM2615604      OL
GSM2615605      OL
GSM2615606      OL
GSM2615608      OL
GSM2615609      OL
GSM2615610      OL
GSM2615611      OL
GSM2615612      OL
GSM2615613      OL
GSM2615615      OL
GSM2615616      OL
GSM2615617      OL
GSM2615618      OL
GSM2615619      OL
GSM2615620      OL
GSM2615621      OL
GSM2615622      OL
GSM2615624      OL
GSM2615625      MG
GSM2615626      OL
GSM2615627      OL
GSM2615628      OL
GSM2615629      OL
GSM2615630     FB1
GSM2615632     FB1
GSM2615633     FB2
GSM2615634      OL
GSM2615635      OL
GSM2615636      OL
GSM2615637      OL
GSM2615638      OL
GSM2615639     FB2
GSM2615640     FB2
GSM2615641      OL
GSM2615642      OL
GSM2615643      OL
GSM2615645      MG
GSM2615646      OL
GSM2615647      OL
GSM2615648     FB1
GSM2615649     aEC
GSM2615650      OL
GSM2615652      OL
GSM2615653     FB2
GSM2615654      OL
GSM2615656      OL
GSM2615657     FB1
GSM2615659      OL
GSM2615660     FB1
GSM2615661      OL
GSM2615662      OL
GSM2615665      MG
GSM2615666      OL
GSM2615667     FB1
GSM2615668     FB1
GSM2615669      OL
GSM2615670      OL
GSM2615672      OL
GSM2615673      OL
GSM2615675      OL
GSM2615676      OL
GSM2615678      OL
GSM2615680     FB1
GSM2615683      OL
GSM2615684      OL
GSM2615685     FB1
GSM2615686      OL
GSM2615687      OL
GSM2615688      OL
GSM2615689      OL
GSM2615691      OL
GSM2615692     FB2
GSM2615693     FB2
GSM2615694      OL
GSM2615695      OL
GSM2615696      OL
GSM2615697      OL
GSM2615698      OL
GSM2615699      OL
GSM2615700      OL
GSM2615702     FB1
GSM2615703      OL
GSM2615705     FB1
GSM2615706      OL
GSM2615707     FB1
GSM2615708     FB1
GSM2615709      OL
GSM2615710      OL
GSM2615711      OL
GSM2615712      OL
GSM2615713      OL
GSM2615718      OL
GSM2615719      OL
GSM2615720      OL
GSM2615721      OL
GSM2615722      OL
GSM2615724      OL
Error in if (cln[i] < 2) cclx <- 0 : 
  missing value where TRUE/FALSE needed
Calls: calinhara
Execution halted
