$cluster_input_directory
[1] "rnaSeq/output/cluster/seurat/GSE74672/"

$name_dataset
[1] "GSE74672"

$output_directory
[1] "rnaSeq/output/visualize/tSNE+PCA/seurat/GSE74672"

$preprocessed_input_directory
[1] "rnaSeq/data/preprocessed/GSE74672/"

$trueCluster_input_directory
[1] "rnaSeq/data/raw/GSE74672/"

[1] "preprocessed_1_GSE74672.csv"
[1] "Levels_GSE74672.xlsx"
[1] "clustersSeurat_1_GSE74672.csv"
[1] 1
[1] "  ...read"
[1] "  ...plot tSNE+PCA colour"
[1] "  ...plot tSNE+PCA black and white"
Error in FUN(X[[i]], ...) : object 'Method' not found
Calls: save_plot ... <Anonymous> -> f -> scales_add_defaults -> lapply -> FUN
Execution halted
