
Loading file.
Performing feature selection
Selected 500 genes
backSPIN started
----------------

Input file:
/home/emiliano/projects/def-cdesouza/Lab/data/preprocessed/zeisel/ceftype_1_zeisel_inputforBackSpin.cef

Output file:
/home/emiliano/projects/def-cdesouza/Lab/MRNA_pipe/Pipe/rnaSeq/output/cluster/backspin/zeisel/backspin.cef

numLevels: 6
first_run_iters: 10
first_run_step: 0.100
runs_iters: 8
runs_step: 0.300
split_limit_g: 2
split_limit_c: 2
stop_const: 1.150
low_thrs: 0.200


Preparatory SPIN

Sorting cells.
Neighbourood=1871, 1700, 1544, 1402, 1273, 1156, 1050, 953, 865, 785, 712, 646, 586, 531, 481, 436, 395, 358, 324, 293, 265, 240, 217, 196, 177, 160, 144, 130, 117, 105, 94, 84, 75, 67, 60, 53, 47, 41, 36, 31, 27, 23, 20, 17, 14, 11, 9, 7, 5, 3, 1, 
Splitting (500, 2919) 
in (451,2018) 
and (49,901)
Sorting cells.
Neighbourood=1481, 1138, 874, 671, 515, 395, 303, 232, 177, 135, 103, 78, 59, 44, 33, 24, 17, 12, 8, 5, 3, 1, 
Sorting cells.
Neighbourood=671, 515, 395, 303, 232, 177, 135, 103, 78, 59, 44, 33, 24, 17, 12, 8, 5, 3, 1, 
Splitting (451, 2018) 
in (272,710) 
and (179,1308)
Sorting cells.
Neighbourood=515, 395, 303, 232, 177, 135, 103, 78, 59, 44, 33, 24, 17, 12, 8, 5, 3, 1, 
Sorting cells.
Neighbourood=874, 671, 515, 395, 303, 232, 177, 135, 103, 78, 59, 44, 33, 24, 17, 12, 8, 5, 3, 1, 
Splitting (49, 901) 
in (5,212) 
and (44,689)
Sorting cells.
Neighbourood=135, 103, 78, 59, 44, 33, 24, 17, 12, 8, 5, 3, 1, 
Sorting cells.
Neighbourood=515, 395, 303, 232, 177, 135, 103, 78, 59, 44, 33, 24, 17, 12, 8, 5, 3, 1, 
Splitting (272, 710) 
in (203,415) 
and (69,295)
Sorting cells.
Neighbourood=303, 232, 177, 135, 103, 78, 59, 44, 33, 24, 17, 12, 8, 5, 3, 1, 
Sorting cells.
Neighbourood=177, 135, 103, 78, 59, 44, 33, 24, 17, 12, 8, 5, 3, 1, 
Splitting (179, 1308) 
in (37,701) 
and (142,607)
Sorting cells.
Neighbourood=515, 395, 303, 232, 177, 135, 103, 78, 59, 44, 33, 24, 17, 12, 8, 5, 3, 1, 
Sorting cells.
Neighbourood=395, 303, 232, 177, 135, 103, 78, 59, 44, 33, 24, 17, 12, 8, 5, 3, 1, 
Splitting (5, 212) 
in (4,92) 
and (1,120)
Sorting cells.
Neighbourood=59, 44, 33, 24, 17, 12, 8, 5, 3, 1, Low splitting score was : 1.1036

Splitting (203, 415) 
in (134,205) 
and (69,210)
Sorting cells.
Neighbourood=135, 103, 78, 59, 44, 33, 24, 17, 12, 8, 5, 3, 1, 
Sorting cells.
Neighbourood=135, 103, 78, 59, 44, 33, 24, 17, 12, 8, 5, 3, 1, 
Splitting (69, 295) 
in (46,209) 
and (23,86)
Sorting cells.
Neighbourood=135, 103, 78, 59, 44, 33, 24, 17, 12, 8, 5, 3, 1, 
Sorting cells.
Neighbourood=59, 44, 33, 24, 17, 12, 8, 5, 3, 1, 
Splitting (37, 701) 
in (26,335) 
and (11,366)
Sorting cells.
Neighbourood=232, 177, 135, 103, 78, 59, 44, 33, 24, 17, 12, 8, 5, 3, 1, 
Sorting cells.
Neighbourood=232, 177, 135, 103, 78, 59, 44, 33, 24, 17, 12, 8, 5, 3, 1, 
Splitting (142, 607) 
in (35,330) 
and (107,277)
Sorting cells.
Neighbourood=232, 177, 135, 103, 78, 59, 44, 33, 24, 17, 12, 8, 5, 3, 1, 
Sorting cells.
Neighbourood=177, 135, 103, 78, 59, 44, 33, 24, 17, 12, 8, 5, 3, 1, 
Splitting (4, 92) 
in (1,30) 
and (3,62)
Sorting cells.
Neighbourood=44, 33, 24, 17, 12, 8, 5, 3, 1, Low splitting score was : 1.1036

Splitting (134, 205) 
in (33,88) 
and (101,117)
Sorting cells.
Neighbourood=59, 44, 33, 24, 17, 12, 8, 5, 3, 1, 
Sorting cells.
Neighbourood=78, 59, 44, 33, 24, 17, 12, 8, 5, 3, 1, 
Splitting (69, 210) 
in (59,118) 
and (10,92)
Sorting cells.
Neighbourood=78, 59, 44, 33, 24, 17, 12, 8, 5, 3, 1, 
Sorting cells.
Neighbourood=59, 44, 33, 24, 17, 12, 8, 5, 3, 1, 
Splitting (46, 209) 
in (22,96) 
and (24,113)
Sorting cells.
Neighbourood=59, 44, 33, 24, 17, 12, 8, 5, 3, 1, 
Sorting cells.
Neighbourood=78, 59, 44, 33, 24, 17, 12, 8, 5, 3, 1, 
Splitting (23, 86) 
in (6,9) 
and (17,77)
Sorting cells.
Neighbourood=5, 3, 1, 
Sorting cells.
Neighbourood=59, 44, 33, 24, 17, 12, 8, 5, 3, 1, 
Splitting (26, 335) 
in (25,194) 
and (1,141)
Sorting cells.
Neighbourood=135, 103, 78, 59, 44, 33, 24, 17, 12, 8, 5, 3, 1, 
Splitting (11, 366) 
in (10,229) 
and (1,137)
Sorting cells.
Neighbourood=177, 135, 103, 78, 59, 44, 33, 24, 17, 12, 8, 5, 3, 1, 
Splitting (35, 330) 
in (18,153) 
and (17,177)
Sorting cells.
Neighbourood=103, 78, 59, 44, 33, 24, 17, 12, 8, 5, 3, 1, 
Sorting cells.
Neighbourood=135, 103, 78, 59, 44, 33, 24, 17, 12, 8, 5, 3, 1, 
Splitting (107, 277) 
in (85,186) 
and (22,91)
Sorting cells.
Neighbourood=135, 103, 78, 59, 44, 33, 24, 17, 12, 8, 5, 3, 1, 
Sorting cells.
Neighbourood=59, 44, 33, 24, 17, 12, 8, 5, 3, 1, Low splitting score was : 1.1431
Low splitting score was : 1.1036

Splitting (33, 88) 
in (10,30) 
and (23,58)
Sorting genes.
Neighbourood=5, 
3, 
1, 

Sorting cells.
Neighbourood=17, 
12, 
8, 
5, 
3, 
1, 

Sorting genes.
Neighbourood=17, 
12, 
8, 
5, 
3, 
1, 

Sorting cells.
Neighbourood=44, 
33, 
24, 
17, 
12, 
8, 
5, 
3, 
1, 

Splitting (101, 117) 
in (93,82) 
and (8,35)
Sorting genes.
Neighbourood=59, 
44, 
33, 
24, 
17, 
12, 
8, 
5, 
3, 
1, 

Sorting cells.
Neighbourood=59, 
44, 
33, 
24, 
17, 
12, 
8, 
5, 
3, 
1, 

Sorting genes.
Neighbourood=5, 
3, 
1, 

Sorting cells.
Neighbourood=24, 
17, 
12, 
8, 
5, 
3, 
1, 
Low splitting score was : 1.1315

Sorting genes.
Neighbourood=44, 33, 24, 17, 12, 8, 5, 3, 1, 
Splitting (10, 92) 
in (7,63) 
and (3,29)
Sorting genes.
Neighbourood=5, 
3, 
1, 

Sorting cells.
Neighbourood=44, 
33, 
24, 
17, 
12, 
8, 
5, 
3, 
1, 

Sorting genes.
Neighbourood=1, 

Sorting cells.
Neighbourood=17, 
12, 
8, 
5, 
3, 
1, 
Low splitting score was : 1.0775

Sorting genes.
Neighbourood=17, 12, 8, 5, 3, 1, Low splitting score was : 1.0869

Sorting genes.
Neighbourood=17, 12, 8, 5, 3, 1, 
Splitting (6, 9) 
in (5,5) 
and (1,4)
Sorting genes.
Neighbourood=3, 
1, 

Sorting cells.
Neighbourood=3, 
1, 

Splitting (17, 77) 
in (1,64) 
and (16,13)
Sorting genes.
Neighbourood=12, 
8, 
5, 
3, 
1, 

Sorting cells.
Neighbourood=8, 
5, 
3, 
1, 
Low splitting score was : 1.1414

Sorting genes.
Neighbourood=17, 12, 8, 5, 3, 1, 
Splitting (10, 229) 
in (4,111) 
and (6,118)
Sorting genes.
Neighbourood=3, 
1, 

Sorting cells.
Neighbourood=78, 
59, 
44, 
33, 
24, 
17, 
12, 
8, 
5, 
3, 
1, 

Sorting genes.
Neighbourood=3, 
1, 

Sorting cells.
Neighbourood=78, 
59, 
44, 
33, 
24, 
17, 
12, 
8, 
5, 
3, 
1, 
Low splitting score was : 1.1457

Sorting genes.
Neighbourood=12, 8, 5, 3, 1, 
Splitting (17, 177) 
in (14,106) 
and (3,71)
Sorting genes.
Neighbourood=8, 
5, 
3, 
1, 

Sorting cells.
Neighbourood=78, 
59, 
44, 
33, 
24, 
17, 
12, 
8, 
5, 
3, 
1, 

Sorting genes.
Neighbourood=1, 

Sorting cells.
Neighbourood=44, 
33, 
24, 
17, 
12, 
8, 
5, 
3, 
1, 

Splitting (85, 186) 
in (42,101) 
and (43,85)
Sorting genes.
Neighbourood=24, 
17, 
12, 
8, 
5, 
3, 
1, 

Sorting cells.
Neighbourood=78, 
59, 
44, 
33, 
24, 
17, 
12, 
8, 
5, 
3, 
1, 

Sorting genes.
Neighbourood=33, 
24, 
17, 
12, 
8, 
5, 
3, 
1, 

Sorting cells.
Neighbourood=59, 
44, 
33, 
24, 
17, 
12, 
8, 
5, 
3, 
1, 

Splitting (22, 91) 
in (10,52) 
and (12,39)
Sorting genes.
Neighbourood=5, 
3, 
1, 

Sorting cells.
Neighbourood=33, 
24, 
17, 
12, 
8, 
5, 
3, 
1, 

Sorting genes.
Neighbourood=8, 
5, 
3, 
1, 

Sorting cells.
Neighbourood=24, 
17, 
12, 
8, 
5, 
3, 
1, 
Low splitting score was : 1.1431

Sorting genes.
Neighbourood=1, Low splitting score was : 1.1036

Sorting genes.
Neighbourood=33, 24, 17, 12, 8, 5, 3, 1, /home/emiliano/miniconda3/bin/backspin:259: DeprecationWarning: Calling np.sum(generator) is deprecated, and in the future will give a different result. Use np.sum(np.fromiter(generator)) or the python sum builtin instead.
  if sum(type(i)==float for i in input_cef.matrix[0]) + sum(type(i)==float for i in input_cef.matrix[-1]) == 0:

Writing output.

