$cluster_input_directory
[1] "../../rnaSeq/output/cluster/sc3/GSE98816+58/"

$name_dataset
[1] "GSE98816+58"

$output_directory
[1] "../../rnaSeq/output/visualize/tSNE/sc3/GSE98816+58/"

$preprocessed_input_directory
[1] "/home/emiliano/projects/def-cdesouza/Lab/data/preprocessed/GSE98816+58/"

$true_cluster_input_directory
[1] "/home/emiliano/projects/def-cdesouza/Lab/data/true/GSE98816+58/"

character(0)
[1] "true_GSE98816+58.csv"
character(0)
[1] 1
Error in file(file, "rt") : cannot open the connection
Calls: read.csv -> read.table -> file
In addition: Warning message:
In file(file, "rt") :
  cannot open file '/home/emiliano/projects/def-cdesouza/Lab/data/preprocessed/GSE98816+58//NA': No such file or directory
Execution halted
