Attaching SeuratObject
$console_output_directory
[1] "../../rnaSeq/output/cluster/seurat/GSE74672"

$data_output_directory
[1] "../../rnaSeq/output/cluster/seurat/GSE74672"

$input_directory
[1] "/home/emiliano/projects/def-cdesouza/Lab/data/preprocessed/GSE74672"

$name_dataset
[1] "GSE74672"

[1] "GSE74672.csv"                "preprocessed_1_GSE74672.csv"
[1] 1
[1] "  ...read"
Warning: Feature names cannot have underscores ('_'), replacing with dashes ('-')
pbmc
                orig.ident nCount_RNA nFeature_RNA percent.mt
GSM1772058147       data3k       2842         1097          0
GSM1772096158       data3k       3483         1454          0
GSM1772096144       data3k       7107         3496          0
GSM1772092004       data3k       6149         1852          0
GSM1772092004.1     data3k       5216         1732          0
GSM1772096173       data3k       2012         1072          0
GSM1772092004.2     data3k       8273         2261          0
GSM1772078030       data3k       5089         1835          0
GSM1772092004.3     data3k       5582         1743          0
GSM1772092009       data3k       3291         1361          0
[1] 18553
[1] "  ...plot tSNE+PCA colour"
[1] "  ...plot tSNE+PCA colour"
[1] "  ...plot tSNE+PCA colour"
pbmc
[1] 18553
[1] "worked"
Error: No cells found
In addition: Warning messages:
1: In SingleExIPlot(type = type, data = data[, x, drop = FALSE], idents = idents,  :
  All cells have the same value of percent.mt.
2: In cor(x = data[, 1], y = data[, 2]) : the standard deviation is zero
Execution halted
