Building DAG of jobs...
Using shell: /cvmfs/soft.computecanada.ca/gentoo/2020/bin/bash
Provided cores: 1
Rules claiming more threads will be scaled down.
Job counts:
	count	jobs
	1	all
	1	spin_convert
	2

[Thu Aug  5 17:09:35 2021]
rule spin_convert:
    output: /home/emiliano/projects/def-cdesouza/Lab/MRNA_pipe/Pipe/output/cluster/backspin/backspin_LaManno.csv
    jobid: 5

[Thu Aug  5 17:09:53 2021]
Finished job 5.
1 of 2 steps (50%) done

[Thu Aug  5 17:09:53 2021]
localrule all:
    input: /home/emiliano/projects/def-cdesouza/Lab/MRNA_pipe/Pipe/output/cluster/sc3/sc3_LaManno.csv, /home/emiliano/projects/def-cdesouza/Lab/MRNA_pipe/Pipe/output/cluster/seurat/seurat_LaManno.csv, /home/emiliano/projects/def-cdesouza/Lab/MRNA_pipe/Pipe/output/cluster/giniclust/giniclust_LaManno.csv, /home/emiliano/projects/def-cdesouza/Lab/MRNA_pipe/Pipe/output/cluster/backspin/backspin_LaManno.cef, /home/emiliano/projects/def-cdesouza/Lab/MRNA_pipe/Pipe/output/cluster/backspin/backspin_LaManno.csv
    jobid: 0

[Thu Aug  5 17:09:53 2021]
Finished job 0.
2 of 2 steps (100%) done
Complete log: /project/6052548/Lab/MRNA_pipe/Pipe/Snakemake/Cluster/.snakemake/log/2021-08-05T170935.759941.snakemake.log
