Building DAG of jobs...
Using shell: /cvmfs/soft.computecanada.ca/gentoo/2020/bin/bash
Provided cores: 1
Rules claiming more threads will be scaled down.
Job counts:
	count	jobs
	1	all
	1	giniclust
	1	sc3
	3

[Thu Aug  5 16:28:56 2021]
rule sc3:
    output: /home/emiliano/projects/def-cdesouza/Lab/MRNA_pipe/Pipe/output/cluster/sc3/sc3_LaManno.csv
    jobid: 1

[Thu Aug  5 16:29:53 2021]
Finished job 1.
1 of 3 steps (33%) done

[Thu Aug  5 16:29:53 2021]
rule giniclust:
    output: /home/emiliano/projects/def-cdesouza/Lab/MRNA_pipe/Pipe/output/cluster/giniclust/giniclust_LaManno.csv
    jobid: 3

[Thu Aug  5 16:30:06 2021]
Error in rule giniclust:
    jobid: 3
    output: /home/emiliano/projects/def-cdesouza/Lab/MRNA_pipe/Pipe/output/cluster/giniclust/giniclust_LaManno.csv
    shell:
        Rscript /home/emiliano/projects/def-cdesouza/Lab/MRNA_pipe/Pipe/code/cluster/giniclust.R --data_output_directory /home/emiliano/projects/def-cdesouza/Lab/MRNA_pipe/Pipe/output/cluster/giniclust--console_output_directory /home/emiliano/projects/def-cdesouza/Lab//giniclust.out --input_directory /home/emiliano/projects/def-cdesouza/Lab/pre --name_dataset LaManno--input_raw /home/emiliano/projects/def-cdesouza/Lab/data/raw/LaManno
        (exited with non-zero exit code)

Shutting down, this might take some time.
Exiting because a job execution failed. Look above for error message
Complete log: /project/6052548/Lab/MRNA_pipe/Pipe/Snakemake/Cluster/.snakemake/log/2021-08-05T162856.860424.snakemake.log
