Building DAG of jobs...
Using shell: /cvmfs/soft.computecanada.ca/gentoo/2020/bin/bash
Provided cores: 1
Rules claiming more threads will be scaled down.
Job counts:
	count	jobs
	1	all
	1	giniclust
	2

[Thu Aug  5 16:42:15 2021]
rule giniclust:
    output: /home/emiliano/projects/def-cdesouza/Lab/MRNA_pipe/Pipe/output/cluster/giniclust/giniclust_LaManno.csv
    jobid: 3

[Thu Aug  5 16:42:41 2021]
Finished job 3.
1 of 2 steps (50%) done

[Thu Aug  5 16:42:41 2021]
localrule all:
    input: /home/emiliano/projects/def-cdesouza/Lab/MRNA_pipe/Pipe/output/cluster/sc3/sc3_LaManno.csv, /home/emiliano/projects/def-cdesouza/Lab/MRNA_pipe/Pipe/output/cluster/seurat/seurat_LaManno.csv, /home/emiliano/projects/def-cdesouza/Lab/MRNA_pipe/Pipe/output/cluster/giniclust/giniclust_LaManno.csv
    jobid: 0

[Thu Aug  5 16:42:41 2021]
Finished job 0.
2 of 2 steps (100%) done
Complete log: /project/6052548/Lab/MRNA_pipe/Pipe/Snakemake/Cluster/.snakemake/log/2021-08-05T164215.092067.snakemake.log
