
Attaching package: ‘dplyr’

The following objects are masked from ‘package:stats’:

    filter, lag

The following objects are masked from ‘package:base’:

    intersect, setdiff, setequal, union

Attaching SeuratObject
$console_output_directory
[1] "../../rnaSeq/output/preprocess/GSE98816+58"

$data_output_directory
[1] "/home/emiliano/projects/def-cdesouza/Lab/data/preprocessed/GSE98816+58"

$input_directory
[1] "/home/emiliano/projects/def-cdesouza/Lab/data/raw/GSE98816+58"

$name_dataset
[1] "GSE98816+58"

[1] "filtered_GSE99058+16.csv"
1[1] "  ...read"
       GSM2631429 GSM2631430 GSM2631431 GSM2631432 GSM2631433 GSM2631434
Adora1        135        107          2        114          0        683
Sntg1          19          0          0          0          0          0
Prim2           0          0          0          0          0          0
Bai3            0          0        359          0         32          0
Cflar           0          0          0          0          0          0
Gpr39           0          0          0          0          0          0
       GSM2631435 GSM2631436 GSM2631437 GSM2631438
Adora1         46        211          0          0
Sntg1           0          0          0          0
Prim2           0          0          0          0
Bai3            4          6          0          0
Cflar           0          0          0          0
Gpr39           0          0          0          0
[1] "  ...plot tSNE+PCA colour"
[1] "  ...plot tSNE+PCA colour"
[1] "  ...plot tSNE+PCA colour"
Performing log-normalization
0%   10   20   30   40   50   60   70   80   90   100%
[----|----|----|----|----|----|----|----|----|----|
**************************************************|
Error in `.rowNamesDF<-`(x, value = value) : 
  duplicate 'row.names' are not allowed
Calls: row.names<- -> row.names<-.data.frame -> .rowNamesDF<-
In addition: Warning messages:
1: In SingleExIPlot(type = type, data = data[, x, drop = FALSE], idents = idents,  :
  All cells have the same value of percent.mt.
2: In cor(x = data[, 1], y = data[, 2]) : the standard deviation is zero
3: non-unique values when setting 'row.names': ‘0’, ‘3’, ‘6’, ‘10’, ‘13’, ‘16’, ‘19’, ‘22’, ‘26’, ‘29’, ‘32’, ‘35’, ‘38’, ‘42’, ‘45’, ‘48’, ‘51’, ‘54’, ‘58’, ‘61’, ‘64’, ‘67’, ‘70’, ‘74’, ‘77’, ‘80’, ‘83’, ‘87’, ‘90’, ‘93’, ‘96’, ‘99’, ‘103’, ‘106’, ‘109’, ‘112’, ‘115’, ‘119’, ‘122’, ‘125’, ‘128’, ‘131’, ‘135’, ‘138’, ‘141’, ‘144’, ‘147’, ‘151’, ‘154’, ‘157’, ‘160’, ‘163’, ‘167’, ‘170’, ‘173’, ‘176’, ‘179’, ‘183’, ‘186’, ‘189’, ‘192’, ‘195’, ‘199’, ‘202’, ‘205’, ‘208’, ‘211’, ‘215’, ‘218’, ‘221’, ‘224’, ‘227’, ‘231’, ‘234’, ‘237’, ‘240’, ‘243’, ‘247’, ‘250’, ‘253’, ‘256’, ‘260’, ‘263’, ‘266’, ‘269’, ‘272’, ‘276’, ‘279’, ‘282’, ‘285’,  [... truncated] 
Execution halted
