$backspin_cluster_input_directory
[1] "/home/emiliano/projects/def-cdesouza/Lab/MRNA_pipe/Pipe/rnaSeq/output/cluster/backspin/LaManno"

$giniclust_cluster_input_directory
[1] "../../rnaSeq/output/cluster/giniclust/LaManno/"

$name_dataset
[1] "LaManno"

$output_directory
[1] "../../rnaSeq/output/compare/heatmap/LaManno"

$preprocessed_input_directory
[1] "/home/emiliano/projects/def-cdesouza/Lab/data/preprocessed/LaManno/"

$sc3_cluster_input_directory
[1] "../../rnaSeq/output/cluster/sc3/LaManno/"

$seurat_cluster_input_directory
[1] "../../rnaSeq/output/cluster/seurat/LaManno/"

$true_cluster_input_directory
[1] "/home/emiliano/projects/def-cdesouza/Lab/data/true/LaManno/"

[1] "LaManno_pre.csv"
[1] "LaManno_true.csv"
[1] "clustersSC3_1_LaManno.csv"
[1] "clustersSeurat_1_LaManno.csv"
[1] "clustersGiniCLust_Cluster_2_LaManno_clusterID.csv"
[1] "clustersBackSpin6_1_LaManno.csv"
[1] 1
[1] "  ...read"
[1] 13347
     Malat1        Plp1        Meg3     Aldh1a1      Slc6a3        Ppia 
     104832       14344       24920        7643       12650       14582 
       Apod       Hspa8         Trf        Fth1      Tuba1a         Ddc 
       1488       12565        1874        4204        9868        9000 
         Th        Mdh1        Ldhb      Tagln3        Cst3       Zwint 
       9873        7583        6327        6676        3589        6121 
   Hsp90ab1    Hsp90aa1         Mal        Snca      Snap25       Calm1 
      11621        9767        1394        4928        7947       10149 
      Stmn2         App       Cplx1     Slc18a2      Tmsb4x        Scg2 
       5993        7374        3645        6804        4471        5817 
       Rtn1       Uchl1        Syt1      Snhg11         Mbp        Sncg 
       7915        5031        6571        6563        1210        3116 
      Calm2        Scg5       Stmn3        Scd2     Slc25a4        Dlk1 
       7006        3736        5595        2025        5613        3869 
     Atp1b1     Ngfrap1      Tubb2a       S100b      Tmsb10      Resp18 
       5617        4777        4794         539        3903        5033 
     Eif4a2       Rps29 Atp6v0c-ps2      Hmgcs1        Cycs       Ugt8a 
       5519        5192        5719        2295        3547         882 
      Gap43         Mif       Actg1        Pcp4       Rab3c       Usmg5 
       5808        3715        4229        2506        3441        4737 
      Aldoa       Vsnl1       Anxa1      Cox6b1       Map1b       Enpp2 
       5143        3770         692        3873        4563        1064 
     Cox7a2        Gng3       Snurf      Atpif1       Sepw1      Tuba1b 
       3844        3459        3212        3826        1905        3288 
    Serinc1        Gnas Gm5506-loc1        Mobp         Mog         Cnp 
       3705        4180        3556         667         614         719 
     Ndufa4        Tpi1       Syt11      Cox4i1       Cox7c     Atp6v1a 
       3839        2690        3389        3295        3380        3569 
        Fau        Tecr     Oaz1-ps      Cldn11     Arl6ip1         Ret 
       3995        4277        2847         590        3711        3350 
      Cadm2       Atp5b       Atp5j       Gpm6a        Ttc3       Uqcrh 
       1991        2961        2724        3450        3962        2863 
        Pkm      Eef1a1       Tubb3       Gstp1 
       2843        3106        2447        2376 
5033 5817 5617 3705 6121 3715 539 2847 6571 2961 14582 9000 7583 719 4229 3770 5192 7915 10149 3869 24920 9767 4794 12650 3380 4563 3441 2295 3116 1064 3288 9868 5519 1488 5808 3569 6676 1991 2724 7374 3962 2506 5719 614 11621 7006 1210 2376 104832 3995 3459 4204 692 7643 2025 4737 6804 3736 1394 7947 3589 6563 4180 5595 5993 590 3389 882 2863 3826 3556 5031 3645 3839 3547 4928 3903 3350 2690 6327 1905 3873 3212 3711 5143 9873 5613 3450 4277 3295 2447 12565 2843 3106 3844 1874 667 4777 14344 4471 this is plus :) [1] "Mrpl15"  "Lypla1"  "Tcea1"   "Rgs20"   "Atp6v1h" "Oprk1"   "Npbwr1" 
 [8] "Rb1cc1"  "St18"    "Pcmtd1" 
[1] "  ...plot heatmapTrueFirst"
Warning messages:
1: In rm(dat) : object 'dat' not found
2: In rm(data1) : object 'data1' not found
3: In rm(HMSeuratFirst) : object 'HMSeuratFirst' not found
[1] "DONE"
Error: unexpected input in "​"
Execution halted
