
Attaching package: ‘dplyr’

The following objects are masked from ‘package:stats’:

    filter, lag

The following objects are masked from ‘package:base’:

    intersect, setdiff, setequal, union

Attaching SeuratObject
$console_output_directory
[1] "../../rnaSeq/output/preprocess/GSE74672"

$data_output_directory
[1] "/home/emiliano/projects/def-cdesouza/Lab/data/preprocessed/GSE74672"

$input_directory
[1] "/home/emiliano/projects/def-cdesouza/Lab/data/raw/GSE74672"

$name_dataset
[1] "GSE74672"

[1] "GSE74672.csv"
1[1] "  ...read"
       X.1772058147_F02 X.1772096158_E08 X.1772096144_A05 X.1772092004_A05
Xkr4                  0                0                0                0
Rp1                   0                0                0                0
Sox17                 0                0                0                0
Mrpl15                0                0                0                0
Lypla1                0                0                0                0
Tcea1                 0                1                0                2
       X.1772092004_B06 X.1772096173_F02 X.1772092004_B11 X.1772078030_A08
Xkr4                  0                0                0                0
Rp1                   0                0                0                0
Sox17                 0                0                0                0
Mrpl15                3                0                0                1
Lypla1                0                0                0                0
Tcea1                 0                0                0                0
       X.1772092004_B08 X.1772092009_B06
Xkr4                  0                0
Rp1                   0                0
Sox17                 0                0
Mrpl15                2                1
Lypla1                0                0
Tcea1                 1                1
Warning: Feature names cannot have underscores ('_'), replacing with dashes ('-')
[1] "  ...plot tSNE+PCA colour"
[1] "  ...plot tSNE+PCA colour"
[1] "  ...plot tSNE+PCA colour"
Performing log-normalization
0%   10   20   30   40   50   60   70   80   90   100%
[----|----|----|----|----|----|----|----|----|----|
**************************************************|
[1] "  ...preprocess"
[1] "  ...export to .csv"
Warning messages:
1: In SingleExIPlot(type = type, data = data[, x, drop = FALSE], idents = idents,  :
  All cells have the same value of percent.mt.
2: In cor(x = data[, 1], y = data[, 2]) : the standard deviation is zero
3: In rm(dat) : object 'dat' not found
[1] "DONE"
