$backspin_cluster_input_directory
[1] "/home/emiliano/projects/def-cdesouza/Lab/MRNA_pipe/Pipe/rnaSeq/output/cluster/backspin/LaManno"

$giniclust_cluster_input_directory
[1] "../../rnaSeq/output/cluster/giniclust/LaManno/"

$name_dataset
[1] "LaManno"

$output_directory
[1] "../../rnaSeq/output/compare/cMatrix/LaManno"

$preprocessed_input_directory
[1] "/home/emiliano/projects/def-cdesouza/Lab/data/preprocessed/LaManno/"

$sc3_cluster_input_directory
[1] "../../rnaSeq/output/cluster/sc3/LaManno/"

$seurat_cluster_input_directory
[1] "../../rnaSeq/output/cluster/seurat/LaManno/"

$true_cluster_input_directory
[1] "/home/emiliano/projects/def-cdesouza/Lab/data/true/LaManno/"

[1] "LaManno_pre.csv"
[1] "LaManno_true.csv"
[1] "clustersSC3_1_LaManno.csv"
[1] "clustersSeurat_1_LaManno.csv"
[1] "clustersGiniCLust_Cluster_2_LaManno_clusterID.csv"
[1] "clustersBackSpin6_1_LaManno.csv"
[1] 1
[1] "  ...read"
[1] "  ...plot heatmapscrtrue"
[1] "  ...plot heatmapseutrue"
[1] "  ...plot heatmapseutrue"
[1] "  ...plot heatmapseutrue"
[1] "DONE"
