Attaching SeuratObject
$console_output_directory
[1] "../../rnaSeq/output/cluster/seurat/GSE98816+58"

$data_output_directory
[1] "../../rnaSeq/output/cluster/seurat/GSE98816+58"

$input_directory
[1] "/home/emiliano/projects/def-cdesouza/Lab/data/preprocessed/GSE98816+58"

$name_dataset
[1] "GSE98816+58"

[1] "preprocessed_1_GSE98816+58.csv"
[1] 1
[1] "  ...read"
       GSM2631429 GSM2631430 GSM2631431 GSM2631432 GSM2631433 GSM2631434
Adora1        135        107          2        114          0        683
Sntg1          19          0          0          0          0          0
Prim2           0          0          0          0          0          0
Bai3            0          0        359          0         32          0
Cflar           0          0          0          0          0          0
Gpr39           0          0          0          0          0          0
       GSM2631435 GSM2631436 GSM2631437 GSM2631438
Adora1         46        211          0          0
Sntg1           0          0          0          0
Prim2           0          0          0          0
Bai3            4          6          0          0
Cflar           0          0          0          0
Gpr39           0          0          0          0
pbmc
[1] 13765
[1] "  ...plot tSNE+PCA colour"
[1] "  ...plot tSNE+PCA colour"
[1] "  ...plot tSNE+PCA colour"
pbmc
[1] 13765
pbmc
[1] 13765
Performing log-normalization
0%   10   20   30   40   50   60   70   80   90   100%
[----|----|----|----|----|----|----|----|----|----|
**************************************************|
           orig.ident nCount_RNA nFeature_RNA percent.mt
GSM2631429     data3k     499541         2809          0
GSM2631430     data3k     499711         2665          0
GSM2631431     data3k     499951         2730          0
GSM2631432     data3k     499367         3263          0
GSM2631433     data3k     499256         3007          0
GSM2631434     data3k     499713         2933          0
GSM2631435     data3k     499618         2897          0
GSM2631436     data3k     499799         2391          0
GSM2631438     data3k     500036         2721          0
GSM2631439     data3k     498357         2197          0
Warning: The following arguments are not used: nfeatures
Calculating gene variances
0%   10   20   30   40   50   60   70   80   90   100%
[----|----|----|----|----|----|----|----|----|----|
**************************************************|
Error in hvf.info$variance.expected[not.const] <- 10^fit$fitted : 
  NAs are not allowed in subscripted assignments
Calls: FindVariableFeatures -> FindVariableFeatures.default
In addition: Warning messages:
1: In SingleExIPlot(type = type, data = data[, x, drop = FALSE], idents = idents,  :
  All cells have the same value of percent.mt.
2: In cor(x = data[, 1], y = data[, 2]) : the standard deviation is zero
Execution halted
