$cluster_input_directory
[1] "../../rnaSeq/output/cluster/seurat/GSE98816/"

$name_dataset
[1] "GSE98816"

$output_directory
[1] "../../rnaSeq/output/visualize/tSNE+PCA/seurat/GSE98816/"

$preprocessed_input_directory
[1] "/home/emiliano/projects/def-cdesouza/Lab/data/preprocessed/GSE98816/"

$true_cluster_input_directory
[1] "/home/emiliano/projects/def-cdesouza/Lab/data/true/GSE98816/"

[1] "preprocessed_1_GSE98816.csv"
[1] "true_GSE98816.csv"
[1] "clustersSeurat_1_GSE98816.csv"
[1] 1
[1] "  ...read"
[1] "  ...plot tSNE+PCA black and white"
[1] "  ...plot tSNE+PCA colour"
Warning messages:
1: The shape palette can deal with a maximum of 6 discrete values because
more than 6 becomes difficult to discriminate; you have 15. Consider
specifying shapes manually if you must have them. 
2: Removed 1948 rows containing missing values (geom_point). 
3: The shape palette can deal with a maximum of 6 discrete values because
more than 6 becomes difficult to discriminate; you have 13. Consider
specifying shapes manually if you must have them. 
4: Removed 726 rows containing missing values (geom_point). 
5: In rm(dat) : object 'dat' not found
[1] "DONE"
