Building DAG of jobs...
Using shell: /cvmfs/soft.computecanada.ca/gentoo/2020/bin/bash
Provided cores: 1
Rules claiming more threads will be scaled down.
Job counts:
	count	jobs
	1	all
	1	preprocess_cef_conv
	2

[Thu Aug  5 15:23:11 2021]
rule preprocess_cef_conv:
    output: /home/emiliano/projects/def-cdesouza/Lab/ceftype_LaManno.cef
    jobid: 1

[Thu Aug  5 15:23:16 2021]
Finished job 1.
1 of 2 steps (50%) done

[Thu Aug  5 15:23:16 2021]
localrule all:
    input: /home/emiliano/projects/def-cdesouza/Lab/ceftype_LaManno.cef
    jobid: 0

[Thu Aug  5 15:23:16 2021]
Finished job 0.
2 of 2 steps (100%) done
Complete log: /project/6052548/Lab/MRNA_pipe/.snakemake/log/2021-08-05T152310.987684.snakemake.log
