Building DAG of jobs...
Using shell: /cvmfs/soft.computecanada.ca/gentoo/2020/bin/bash
Provided cores: 1
Rules claiming more threads will be scaled down.
Job counts:
	count	jobs
	1	preprocess_data
	1

[Thu Aug  5 14:55:11 2021]
rule preprocess_data:
    output: /home/emiliano/projects/def-cdesouza/Lab/LaManno_pre.csv
    jobid: 0

Waiting at most 5 seconds for missing files.
MissingOutputException in line 19 of /project/6052548/Lab/MRNA_pipe/Snakefile:
Missing files after 5 seconds:
/home/emiliano/projects/def-cdesouza/Lab/LaManno_pre.csv
This might be due to filesystem latency. If that is the case, consider to increase the wait time with --latency-wait.
Shutting down, this might take some time.
Exiting because a job execution failed. Look above for error message
Complete log: /project/6052548/Lab/MRNA_pipe/.snakemake/log/2021-08-05T145510.962427.snakemake.log
