Building DAG of jobs...
Using shell: /cvmfs/soft.computecanada.ca/gentoo/2020/bin/bash
Provided cores: 1
Rules claiming more threads will be scaled down.
Job counts:
	count	jobs
	1	all
	1	preprocess_cef_conv
	1	preprocess_data
	3

[Thu Aug  5 15:30:22 2021]
rule preprocess_cef_conv:
    output: /home/emiliano/projects/def-cdesouza/Lab/ceftype_LaManno.cef
    jobid: 1

[Thu Aug  5 15:30:27 2021]
Finished job 1.
1 of 3 steps (33%) done

[Thu Aug  5 15:30:27 2021]
rule preprocess_data:
    output: /home/emiliano/projects/def-cdesouza/Lab/LaManno_pre.csv
    jobid: 2

[Thu Aug  5 15:30:40 2021]
Finished job 2.
2 of 3 steps (67%) done

[Thu Aug  5 15:30:40 2021]
localrule all:
    input: /home/emiliano/projects/def-cdesouza/Lab/ceftype_LaManno.cef, /home/emiliano/projects/def-cdesouza/Lab/LaManno_pre.csv
    jobid: 0

[Thu Aug  5 15:30:40 2021]
Finished job 0.
3 of 3 steps (100%) done
Complete log: /project/6052548/Lab/MRNA_pipe/.snakemake/log/2021-08-05T153022.890631.snakemake.log
