
Attaching package: ‘dplyr’

The following objects are masked from ‘package:stats’:

    filter, lag

The following objects are masked from ‘package:base’:

    intersect, setdiff, setequal, union

Attaching SeuratObject
$console_output_directory
[1] "../../rnaSeq/output/preprocess/GSE98816"

$data_output_directory
[1] "/home/emiliano/projects/def-cdesouza/Lab/data/preprocessed/GSE98816"

$input_directory
[1] "/home/emiliano/projects/def-cdesouza/Lab/data/raw/GSE98816"

$name_dataset
[1] "GSE98816"

[1] "GSE98816_filtered.csv"
1[1] "  ...read"
[1] "  ...plot tSNE+PCA colour"
[1] "  ...plot tSNE+PCA colour"
[1] "  ...plot tSNE+PCA colour"
Performing log-normalization
0%   10   20   30   40   50   60   70   80   90   100%
[----|----|----|----|----|----|----|----|----|----|
**************************************************|
Error in base::rowSums(x, na.rm = na.rm, dims = dims, ...) : 
  'x' must be numeric
Calls: [ -> [.data.frame -> rowSums -> rowSums -> <Anonymous>
In addition: Warning messages:
1: In storage.mode(from) <- "double" : NAs introduced by coercion
2: In SingleExIPlot(type = type, data = data[, x, drop = FALSE], idents = idents,  :
  All cells have the same value of percent.mt.
3: In cor(x = data[, 1], y = data[, 2]) : the standard deviation is zero
Execution halted
