$name_dataset
[1] "GSE98816"

$output_directory
[1] "../../rnaSeq/output/compare/chIndex/GSE98816"

$preprocessed_input_directory
[1] "/home/emiliano/projects/def-cdesouza/Lab/data/preprocessed/GSE98816/"

$sc3_cluster_input_directory
[1] "../../rnaSeq/output/cluster/sc3/GSE98816/"

$seurat_cluster_input_directory
[1] "../../rnaSeq/output/cluster/seurat/GSE98816/"

$true_cluster_input_directory
[1] "/home/emiliano/projects/def-cdesouza/Lab/data/true/GSE98816/"

[1] "preprocessed_1_GSE98816.csv"
[1] "labels_GSE98816.csv"
[1] "clustersSC3_1_GSE98816.csv"
[1] "clustersSeurat_1_GSE98816.csv"
[1] 1
[1] "  ...read"
[1] "  ...read"
Error in rep(0, cn) : invalid 'times' argument
Calls: calinhara
In addition: Warning message:
In calinhara(t(data), clustering = true, cn = max(true)) :
  NAs introduced by coercion
Execution halted
