
Loading file.
Performing feature selection
Selected 500 genes
backSPIN started
----------------

Input file:
/home/emiliano/projects/def-cdesouza/Lab/data/preprocessed/GSE98816+58/ceftype_1_GSE98816+58_inputforBackSpin.cef

Output file:
/home/emiliano/projects/def-cdesouza/Lab/MRNA_pipe/Pipe/rnaSeq/output/cluster/backspin/GSE98816+58/backspin.cef

numLevels: 6
first_run_iters: 10
first_run_step: 0.100
runs_iters: 8
runs_step: 0.300
split_limit_g: 2
split_limit_c: 2
stop_const: 1.150
low_thrs: 0.200


Preparatory SPIN

Sorting cells.
Neighbourood=1871, 1700, 1544, 1402, 1273, 1156, 1050, 953, 865, 785, 712, 646, 586, 531, 481, 436, 395, 358, 324, 293, 265, 240, 217, 196, 177, 160, 144, 130, 117, 105, 94, 84, 75, 67, 60, 53, 47, 41, 36, 31, 27, 23, 20, 17, 14, 11, 9, 7, 5, 3, 1, 
Splitting (500, 3079) 
in (255,1606) 
and (245,1473)
Sorting cells.
Neighbourood=1138, 874, 671, 515, 395, 303, 232, 177, 135, 103, 78, 59, 44, 33, 24, 17, 12, 8, 5, 3, 1, 
Sorting cells.
Neighbourood=1138, 874, 671, 515, 395, 303, 232, 177, 135, 103, 78, 59, 44, 33, 24, 17, 12, 8, 5, 3, 1, 
Splitting (255, 1606) 
in (74,262) 
and (181,1344)
Sorting cells.
Neighbourood=177, 135, 103, 78, 59, 44, 33, 24, 17, 12, 8, 5, 3, 1, 
Sorting cells.
Neighbourood=874, 671, 515, 395, 303, 232, 177, 135, 103, 78, 59, 44, 33, 24, 17, 12, 8, 5, 3, 1, 
Splitting (245, 1473) 
in (177,1081) 
and (68,392)
Sorting cells.
Neighbourood=671, 515, 395, 303, 232, 177, 135, 103, 78, 59, 44, 33, 24, 17, 12, 8, 5, 3, 1, 
Sorting cells.
Neighbourood=303, 232, 177, 135, 103, 78, 59, 44, 33, 24, 17, 12, 8, 5, 3, 1, Low splitting score was : 1.0893

Splitting (181, 1344) 
in (111,470) 
and (70,874)
Sorting cells.
Neighbourood=303, 232, 177, 135, 103, 78, 59, 44, 33, 24, 17, 12, 8, 5, 3, 1, 
Sorting cells.
Neighbourood=671, 515, 395, 303, 232, 177, 135, 103, 78, 59, 44, 33, 24, 17, 12, 8, 5, 3, 1, 
Splitting (177, 1081) 
in (123,509) 
and (54,572)
Sorting cells.
Neighbourood=395, 303, 232, 177, 135, 103, 78, 59, 44, 33, 24, 17, 12, 8, 5, 3, 1, 
Sorting cells.
Neighbourood=395, 303, 232, 177, 135, 103, 78, 59, 44, 33, 24, 17, 12, 8, 5, 3, 1, 
Splitting (68, 392) 
in (33,287) 
and (35,105)
Sorting cells.
Neighbourood=177, 135, 103, 78, 59, 44, 33, 24, 17, 12, 8, 5, 3, 1, 
Sorting cells.
Neighbourood=78, 59, 44, 33, 24, 17, 12, 8, 5, 3, 1, Low splitting score was : 1.0893

Splitting (111, 470) 
in (30,322) 
and (81,148)
Sorting cells.
Neighbourood=232, 177, 135, 103, 78, 59, 44, 33, 24, 17, 12, 8, 5, 3, 1, 
Sorting cells.
Neighbourood=103, 78, 59, 44, 33, 24, 17, 12, 8, 5, 3, 1, 
Splitting (70, 874) 
in (36,535) 
and (34,339)
Sorting cells.
Neighbourood=395, 303, 232, 177, 135, 103, 78, 59, 44, 33, 24, 17, 12, 8, 5, 3, 1, 
Sorting cells.
Neighbourood=232, 177, 135, 103, 78, 59, 44, 33, 24, 17, 12, 8, 5, 3, 1, 
Splitting (123, 509) 
in (85,239) 
and (38,270)
Sorting cells.
Neighbourood=177, 135, 103, 78, 59, 44, 33, 24, 17, 12, 8, 5, 3, 1, 
Sorting cells.
Neighbourood=177, 135, 103, 78, 59, 44, 33, 24, 17, 12, 8, 5, 3, 1, 
Splitting (54, 572) 
in (25,298) 
and (29,274)
Sorting cells.
Neighbourood=232, 177, 135, 103, 78, 59, 44, 33, 24, 17, 12, 8, 5, 3, 1, 
Sorting cells.
Neighbourood=177, 135, 103, 78, 59, 44, 33, 24, 17, 12, 8, 5, 3, 1, 
Splitting (33, 287) 
in (16,166) 
and (17,121)
Sorting cells.
Neighbourood=103, 78, 59, 44, 33, 24, 17, 12, 8, 5, 3, 1, 
Sorting cells.
Neighbourood=78, 59, 44, 33, 24, 17, 12, 8, 5, 3, 1, Low splitting score was : 1.0504
Low splitting score was : 1.0893

Splitting (30, 322) 
in (7,113) 
and (23,209)
Sorting cells.
Neighbourood=78, 59, 44, 33, 24, 17, 12, 8, 5, 3, 1, 
Sorting cells.
Neighbourood=135, 103, 78, 59, 44, 33, 24, 17, 12, 8, 5, 3, 1, 
Splitting (81, 148) 
in (76,46) 
and (5,102)
Sorting cells.
Neighbourood=33, 24, 17, 12, 8, 5, 3, 1, 
Sorting cells.
Neighbourood=78, 59, 44, 33, 24, 17, 12, 8, 5, 3, 1, 
Splitting (36, 535) 
in (4,123) 
and (32,412)
Sorting cells.
Neighbourood=78, 59, 44, 33, 24, 17, 12, 8, 5, 3, 1, 
Sorting cells.
Neighbourood=303, 232, 177, 135, 103, 78, 59, 44, 33, 24, 17, 12, 8, 5, 3, 1, 
Splitting (34, 339) 
in (19,197) 
and (15,142)
Sorting cells.
Neighbourood=135, 103, 78, 59, 44, 33, 24, 17, 12, 8, 5, 3, 1, 
Sorting cells.
Neighbourood=103, 78, 59, 44, 33, 24, 17, 12, 8, 5, 3, 1, 
Splitting (85, 239) 
in (79,188) 
and (6,51)
Sorting cells.
Neighbourood=135, 103, 78, 59, 44, 33, 24, 17, 12, 8, 5, 3, 1, 
Sorting cells.
Neighbourood=33, 24, 17, 12, 8, 5, 3, 1, 
Splitting (38, 270) 
in (10,148) 
and (28,122)
Sorting cells.
Neighbourood=103, 78, 59, 44, 33, 24, 17, 12, 8, 5, 3, 1, 
Sorting cells.
Neighbourood=78, 59, 44, 33, 24, 17, 12, 8, 5, 3, 1, 
Splitting (25, 298) 
in (10,122) 
and (15,176)
Sorting cells.
Neighbourood=78, 59, 44, 33, 24, 17, 12, 8, 5, 3, 1, 
Sorting cells.
Neighbourood=135, 103, 78, 59, 44, 33, 24, 17, 12, 8, 5, 3, 1, 
Splitting (29, 274) 
in (11,163) 
and (18,111)
Sorting cells.
Neighbourood=103, 78, 59, 44, 33, 24, 17, 12, 8, 5, 3, 1, 
Sorting cells.
Neighbourood=78, 59, 44, 33, 24, 17, 12, 8, 5, 3, 1, 
Splitting (16, 166) 
in (11,64) 
and (5,102)
Sorting cells.
Neighbourood=44, 33, 24, 17, 12, 8, 5, 3, 1, 
Sorting cells.
Neighbourood=78, 59, 44, 33, 24, 17, 12, 8, 5, 3, 1, 
Splitting (17, 121) 
in (14,73) 
and (3,48)
Sorting cells.
Neighbourood=44, 33, 24, 17, 12, 8, 5, 3, 1, 
Sorting cells.
Neighbourood=33, 24, 17, 12, 8, 5, 3, 1, Low splitting score was : 1.0504
Low splitting score was : 1.0893

Sorting genes.
Neighbourood=44, 33, 24, 17, 12, 8, 5, 3, 1, 
Splitting (7, 113) 
in (6,94) 
and (1,19)
Sorting genes.
Neighbourood=3, 
1, 

Sorting cells.
Neighbourood=59, 
44, 
33, 
24, 
17, 
12, 
8, 
5, 
3, 
1, 

Splitting (23, 209) 
in (10,139) 
and (13,70)
Sorting genes.
Neighbourood=5, 
3, 
1, 

Sorting cells.
Neighbourood=103, 
78, 
59, 
44, 
33, 
24, 
17, 
12, 
8, 
5, 
3, 
1, 

Sorting genes.
Neighbourood=8, 
5, 
3, 
1, 

Sorting cells.
Neighbourood=44, 
33, 
24, 
17, 
12, 
8, 
5, 
3, 
1, 

Splitting (76, 46) 
in (75,38) 
and (1,8)
Sorting genes.
Neighbourood=44, 
33, 
24, 
17, 
12, 
8, 
5, 
3, 
1, 

Sorting cells.
Neighbourood=24, 
17, 
12, 
8, 
5, 
3, 
1, 
Low splitting score was : 1.1206

Sorting genes.
Neighbourood=3, 1, Low splitting score was : 1.0577

Sorting genes.
Neighbourood=3, 1, 
Splitting (32, 412) 
in (15,204) 
and (17,208)
Sorting genes.
Neighbourood=8, 
5, 
3, 
1, 

Sorting cells.
Neighbourood=135, 
103, 
78, 
59, 
44, 
33, 
24, 
17, 
12, 
8, 
5, 
3, 
1, 

Sorting genes.
Neighbourood=12, 
8, 
5, 
3, 
1, 

Sorting cells.
Neighbourood=135, 
103, 
78, 
59, 
44, 
33, 
24, 
17, 
12, 
8, 
5, 
3, 
1, 

Splitting (19, 197) 
in (6,86) 
and (13,111)
Sorting genes.
Neighbourood=3, 
1, 

Sorting cells.
Neighbourood=59, 
44, 
33, 
24, 
17, 
12, 
8, 
5, 
3, 
1, 

Sorting genes.
Neighbourood=8, 
5, 
3, 
1, 

Sorting cells.
Neighbourood=78, 
59, 
44, 
33, 
24, 
17, 
12, 
8, 
5, 
3, 
1, 

Splitting (15, 142) 
in (2,62) 
and (13,80)
Sorting genes.
Neighbourood=1, 

Sorting cells.
Neighbourood=44, 
33, 
24, 
17, 
12, 
8, 
5, 
3, 
1, 

Sorting genes.
Neighbourood=8, 
5, 
3, 
1, 

Sorting cells.
Neighbourood=59, 
44, 
33, 
24, 
17, 
12, 
8, 
5, 
3, 
1, 

Splitting (79, 188) 
in (58,30) 
and (21,158)
Sorting genes.
Neighbourood=44, 
33, 
24, 
17, 
12, 
8, 
5, 
3, 
1, 

Sorting cells.
Neighbourood=17, 
12, 
8, 
5, 
3, 
1, 

Sorting genes.
Neighbourood=12, 
8, 
5, 
3, 
1, 

Sorting cells.
Neighbourood=103, 
78, 
59, 
44, 
33, 
24, 
17, 
12, 
8, 
5, 
3, 
1, 
Low splitting score was : 1.1095

Sorting genes.
Neighbourood=3, 1, 
Splitting (10, 148) 
in (2,25) 
and (8,123)
Sorting genes.
Neighbourood=1, 

Sorting cells.
Neighbourood=17, 
12, 
8, 
5, 
3, 
1, 

Sorting genes.
Neighbourood=5, 
3, 
1, 

Sorting cells.
Neighbourood=78, 
59, 
44, 
33, 
24, 
17, 
12, 
8, 
5, 
3, 
1, 

Splitting (28, 122) 
in (21,91) 
and (7,31)
Sorting genes.
Neighbourood=12, 
8, 
5, 
3, 
1, 

Sorting cells.
Neighbourood=59, 
44, 
33, 
24, 
17, 
12, 
8, 
5, 
3, 
1, 

Sorting genes.
Neighbourood=5, 
3, 
1, 

Sorting cells.
Neighbourood=24, 
17, 
12, 
8, 
5, 
3, 
1, 

Splitting (10, 122) 
in (5,25) 
and (5,97)
Sorting genes.
Neighbourood=3, 
1, 

Sorting cells.
Neighbourood=17, 
12, 
8, 
5, 
3, 
1, 

Sorting genes.
Neighbourood=3, 
1, 

Sorting cells.
Neighbourood=59, 
44, 
33, 
24, 
17, 
12, 
8, 
5, 
3, 
1, 
Low splitting score was : 1.1497

Sorting genes.
Neighbourood=8, 5, 3, 1, 
Splitting (11, 163) 
in (7,114) 
and (4,49)
Sorting genes.
Neighbourood=5, 
3, 
1, 

Sorting cells.
Neighbourood=78, 
59, 
44, 
33, 
24, 
17, 
12, 
8, 
5, 
3, 
1, 

Sorting genes.
Neighbourood=3, 
1, 

Sorting cells.
Neighbourood=33, 
24, 
17, 
12, 
8, 
5, 
3, 
1, 

Splitting (18, 111) 
in (9,64) 
and (9,47)
Sorting genes.
Neighbourood=5, 
3, 
1, 

Sorting cells.
Neighbourood=44, 
33, 
24, 
17, 
12, 
8, 
5, 
3, 
1, 

Sorting genes.
Neighbourood=5, 
3, 
1, 

Sorting cells.
Neighbourood=33, 
24, 
17, 
12, 
8, 
5, 
3, 
1, 
Low splitting score was : 1.0603

Sorting genes.
Neighbourood=8, 5, 3, 1, 
Splitting (5, 102) 
in (3,83) 
and (2,19)
Sorting genes.
Neighbourood=1, 

Sorting cells.
Neighbourood=59, 
44, 
33, 
24, 
17, 
12, 
8, 
5, 
3, 
1, 

Sorting genes.
Neighbourood=1, 

Sorting cells.
Neighbourood=12, 
8, 
5, 
3, 
1, 

Splitting (14, 73) 
in (12,54) 
and (2,19)
Sorting genes.
Neighbourood=8, 
5, 
3, 
1, 

Sorting cells.
Neighbourood=33, 
24, 
17, 
12, 
8, 
5, 
3, 
1, 

Sorting genes.
Neighbourood=1, 
/home/emiliano/miniconda3/lib/python3.9/site-packages/backspinpy/backSPIN.py:122: RuntimeWarning: invalid value encountered in true_divide
  sort_score = target_permutation - 0.1 * sign( (mat_size/2 - target_permutation) ) * energy/max_energy

Sorting cells.
Neighbourood=12, 
8, 
5, 
3, 
1, 
Low splitting score was : 1.1311

Sorting genes.
Neighbourood=1, Low splitting score was : 1.0504

Sorting genes.
Neighbourood=24, 17, 12, 8, 5, 3, 1, /home/emiliano/miniconda3/bin/backspin:259: DeprecationWarning: Calling np.sum(generator) is deprecated, and in the future will give a different result. Use np.sum(np.fromiter(generator)) or the python sum builtin instead.
  if sum(type(i)==float for i in input_cef.matrix[0]) + sum(type(i)==float for i in input_cef.matrix[-1]) == 0:

Writing output.

