$backspin_cluster_input_directory
[1] "/home/emiliano/projects/def-cdesouza/Lab/MRNA_pipe/Pipe/rnaSeq/output/cluster/backspin/GSE98816+58"

$giniclust_cluster_input_directory
[1] "../../rnaSeq/output/cluster/giniclust/GSE98816+58/"

$name_dataset
[1] "GSE98816+58"

$output_directory
[1] "../../rnaSeq/output/compare/AIR+VM+Purity/GSE98816+58"

$preprocessed_input_directory
[1] "/home/emiliano/projects/def-cdesouza/Lab/data/preprocessed/GSE98816+58/"

$sc3_cluster_input_directory
[1] "../../rnaSeq/output/cluster/sc3/GSE98816+58/"

$seurat_cluster_input_directory
[1] "../../rnaSeq/output/cluster/seurat/GSE98816+58/"

$true_cluster_input_directory
[1] "/home/emiliano/projects/def-cdesouza/Lab/data/true/GSE98816+58/"

[1] "preprocessed_1_GSE98816+58.csv"
[1] "true_GSE98816+58.csv"
[1] "clustersSC3_1_GSE98816+58.csv"
[1] "clustersSeurat_1_GSE98816+58.csv"
[1] "clustersGiniCLust_1_GSE98816+58.csv"
[1] "clustersBackSpin6_1_GSE98816+58.csv"
[1] 1
[1] "  ...read"
           X x
1 GSM2631621 0
2 GSM2631659 0
3 GSM2613791 0
4 GSM2614586 0
5 GSM2613542 0
6 GSM2613069 0
              X  x
189  GSM2631569  0
227  GSM2631656  0
1350 GSM2613600 11
2099 GSM2614501 21
1124 GSM2613748 10
706  GSM2613353  7
[1] 135  19   0   0   0   0
[1] "AIR SC3:"
[1] 0.1333182
[1] "AIR SEURAT:"
[1] 0.304994
[1] "AIR giniclust:"
[1] 0.02845456
[1] "AIR backspin:"
[1] 0.09872117
[1] "v_measure SC3:"
[1] 0.3758971
[1] "\nv_measure SEURAT:"
[1] 0.446044
[1] "\nv_measure BACKSPIN:"
[1] 0.264096
[1] "\nv_measure GINICLUST:"
[1] 0.446044
[1] "PURITY SC3:"
[1] 0.2354661
[1] "\nPURITY SEURAT:"
[1] 0.5537512
[1] "\nPURITY backspin:"
[1] 0.2179279
[1] "\nPURITY giniclust:"
[1] 0.9162066
[1] "  ...plot purity"
[1] "  ...plot v measure"
Warning message:
In rm(Vsc3) : object 'Vsc3' not found
[1] "DONE"
