$backspin_cluster_input_directory
[1] "/home/emiliano/projects/def-cdesouza/Lab/MRNA_pipe/Pipe/rnaSeq/output/cluster/backspin/LaManno"

$giniclust_cluster_input_directory
[1] "../../rnaSeq/output/cluster/giniclust/LaManno/"

$name_dataset
[1] "LaManno"

$output_directory
[1] "../../rnaSeq/output/compare/AIR+VM+Purity/LaManno"

$preprocessed_input_directory
[1] "/home/emiliano/projects/def-cdesouza/Lab/data/preprocessed/LaManno/"

$sc3_cluster_input_directory
[1] "../../rnaSeq/output/cluster/sc3/LaManno/"

$seurat_cluster_input_directory
[1] "../../rnaSeq/output/cluster/seurat/LaManno/"

$true_cluster_input_directory
[1] "/home/emiliano/projects/def-cdesouza/Lab/data/true/LaManno/"

[1] "LaManno_pre.csv"
[1] "LaManno_true.csv"
[1] "clustersSC3_1_LaManno.csv"
[1] "clustersSeurat_1_LaManno.csv"
[1] "clustersGiniCLust_Cluster_2_LaManno_clusterID.csv"
[1] "clustersBackSpin6_1_LaManno.csv"
[1] 1
[1] "  ...read"
                X x
1 X1772092002_A07 0
2 X1772094143_D09 0
3 X1772096092_D08 0
4 X1772099002_C05 0
5 X1772096094_D01 0
6 X1772092002_E10 0
                  X  x
161 X1772092002_B05 29
172 X1772072122_C03 31
179 X1772082029_E07 33
209 X1772082029_G02 38
185 X1772082029_C10 34
167 X1772096151_D03 30
[1] 1 0 1 0 3 2
[1] "AIR SC3:"
[1] 0.2324287
[1] "AIR SEURAT:"
[1] 0.1396755
[1] "AIR giniclust:"
[1] 0.00708169
[1] "AIR backspin:"
[1] -0.008350963
[1] "v_measure SC3:"
[1] 0.2517074
[1] "\nv_measure SEURAT:"
[1] 0.1819991
[1] "\nv_measure BACKSPIN:"
[1] 0.1322456
[1] "\nv_measure GINICLUST:"
[1] 0.1819991
[1] "PURITY SC3:"
[1] 0.5506608
[1] "\nPURITY SEURAT:"
[1] 0.5022026
[1] "\nPURITY backspin:"
[1] 0.08810573
[1] "\nPURITY giniclust:"
[1] 0.9779736
[1] "  ...plot purity"
[1] "  ...plot v measure"
Warning message:
In rm(Vsc3) : object 'Vsc3' not found
[1] "DONE"
