$cluster_input_directory
[1] "../../rnaSeq/output/cluster/sc3/GSE98816/"

$name_dataset
[1] "GSE98816"

$output_directory
[1] "../../rnaSeq/output/visualize/tSNE/sc3/GSE98816/"

$preprocessed_input_directory
[1] "/home/emiliano/projects/def-cdesouza/Lab/data/preprocessed/GSE98816/"

$trueCluster_input_directory
[1] "/home/emiliano/projects/def-cdesouza/Lab/data/true/GSE98816/"

[1] "preprocessed_1_GSE98816.csv"
[1] "clustersSC3_1_GSE98816.csv"
[1] 1
[1] "  ...read"
   [1]  1  6  1  3  6 17  1 11  3  3  3 13 24  1  3  1  5  3  1  3  6  3  3 24
  [25]  3  3 11  3  2  1  4 11  3  3  3  3  3  3  2 12  6  3  3  3  5  3  1  3
  [49]  1  2  3  3  3  3  4  1  1  3 12  3  3  2 12  1  1 15  3  4  1  6  3 13
  [73]  3  6  3  4 11  1 24  1 24  3  4  5  5  3  6  2 11 11  1  6  3  3  1  3
  [97]  1  3  3  2  6  1  1  1  1  1 12  6  1  4  3 24  1  3 12  2  3  5  3  2
 [121]  2  1  1  3  3  1  1 24  1 15  3  3 11  2  6 11  3  2  3  3  3  1  1  3
 [145]  3  1  3  2  1  5  1  5 11  3  1  3  1  5 12  1 12  2  6  1  3  1  1  3
 [169]  3  5 11  3  1  3 12  1  3  4  1  1 11  3 16  3  3  3 24  2  3  1 24 24
 [193]  2 11 12  4  3  5  1  3 11  2  3  1  3  2  1  3  1  2  6  3 11 11  3  3
 [217]  6  3  1  1  3  1  2  5  1 12  3  3  5  6  3 11  5 11  1  1 11 12  1  1
 [241]  3  1 11  3  4  3  5 24  4  3  1  3  6  3  1  3  4  3  1  1  1  1  1  3
 [265]  6 11  3 11  5  2  1 12  3  3  2  2  3 11  6  3  2  3  1  6  1  3  3  3
 [289]  1  4  4 11  1  1  2  5  2  1  3  1  1  1  3 11 25  1  1  3  7  3  1 11
 [313]  3 11  3  1  1  3  1  3  3  1  1  3  3  1  3 24  3  4  3 11  3  1 11  3
 [337]  3  6  1 12  6  1  2  1  7 11 12  1  3  2 24  1  1  2  1  6  1 18  3  1
 [361]  6  3 24  4  1  4  2  1  3  1 16  1  3  1  3  1  3  1  1  2 24  2  6  1
 [385]  3  1  3  3  5  3 11 11 11  1  1  2  2  1 11  3  2 11  3  3  1 15 11  1
 [409]  3  6  3  1  3  6  3  1  2  3  3  3  1  4  7 12  2  5  3  1  3  3  1  1
 [433]  1  3 24  3  1  3 16  1  2  1  2 24 11  6  1  3  2  6 12  5  1 11  2  3
 [457]  1  3  5  3  3  1  2  3  6  3  3  2  3 24  2  3 11 11  5  1 21  1  1  6
 [481]  1 24  1 12  3  1 24  1  2  1  3  1  6  1 24  6  3  1  3  5  1  1  2  4
 [505]  2  1  3  3 12  6  3  1  1  3  3  1  2  6  1  6 12  5  6  3  3  1 12  4
 [529]  3  4  1  4  2 24  1  5  3  1  3  3  1  1  3  1  3  3  4  3  3  1  2 11
 [553]  7  3  5  3  3  1  1  1  3  3  1 13 24  2  3  1 12  3  3 11  1 12  3  1
 [577] 12  1  3 14  6  1 11 11  6  5  1  1 11  3 12  3 12  3  2  2  2 11  3  5
 [601]  1  6  3  5  1 21  3 24  3  3  4  3  1  3  3 12  2  1 11  2  1  2 11  3
 [625]  3  2  3  2  1 16  1 24  3 11 11  3  3 16  3  2 12 12 12  1  1  1  3 11
 [649]  1 11  6  6 13 24  3  5 11  5  1  1  3 24 16  2  5  5  3 12 24  1  1  1
 [673]  2 24  2  1  6  1  1  3  6  6  1  3  3  1 24  1  1  3  1  1  3  1  3  3
 [697]  3  1  4  1  3 12  1  3  3  3  3 11 11  3  3  2  1  5  3  3  1 12  1  3
 [721]  6  2  3  3  3  7  1  3  6  3 24  2  3  1 11  4  5  4  3  3  3  1  3 11
 [745]  2 11  1 13  3 13 11 11  3  2  3  3  1  3  2  1  2  1  1  5 11  3  1  1
 [769]  3  1  5 12  1  1 11  3  1  3  1 15  3  3  3 12  6  3  3  3  3 12  3  1
 [793]  2  3  3  2  1 12  2  1  1  1  1  3  3  3  5  3  1  3  5  3  1  2  5  3
 [817]  5  3  1 21  1 24  1  5  2  2  1  1 11  4 24  1  1  1  2  1  3 12  1  1
 [841]  3  4 12  6 24  1  5  1  3 12 11  1 24  3  5  5  3  3  3  2  1  1 13  3
 [865]  3 12  3  3  3 24 11  2  3  3  1  3  3  6  1  6  1  3  3 11  3  1  2  3
 [889]  1  4  3  1  3  3  1  3  3  1  1  5 12  3  1  1  3  3  3  1  2  2  5  1
 [913]  2  5  1 24  2  3  1  6 11  3  7  3 21  2  3  6  3 24  6  3 11  1  3  1
 [937]  1  3 11  2  3  1  3  3  2 24  3 12  3  3  1 22  3  1  4 11  1  1  3  2
 [961]  5  3  6  3  3 12  3  3 11  6  2  3  1  3  3  3  1 13 11  1  1  3  6  3
 [985] 12  3  6  1  3 11  4  3  3  3  5  1  2  4 24  3  3  1  3 24  3  3  1  3
[1009]  3  2  1  3  1  1  1  2  2  3  2  1 11  1  1  3 24  3  1  1  1 12  2 11
[1033]  6 12  7  1  2  1  3  3 11  2  3  5  2  3  1  2  3  4  3  1 12  4  1  1
[1057]  3  2  3  5  4  3  1 12  3  1  1  3  3  2  5 11 11  1  3  2 12  1  4  5
[1081]  3  1  3  3  3 24 24  2  3  3  3  3 11  3  3  1  7  2  3  5 24  1  3  2
[1105]  5 11  3  1  2  3  2 12  5  2  1  3  1  3  3  1  6  1  3 11  2  1  3  3
[1129]  3  2  1  3  1  1  2  3 11 12  3 12  2  3  1  2  1 11  2  1  3 11  3  1
[1153]  3  3 11  3  1  3  1  1  1  4  1  3 11  2 22  3  5  1  3  1  1  3  4  1
[1177]  4  3  2  5  4  3  1  3  3  3  4  6  6 11  2  2  1  2  6  3  3  5  6  3
[1201]  3 11 12  3  3  2  3  6  3  1  3  3  3  3  1 12  2  3  2  5  3  3  3  3
[1225]  6  1  3  1  3  3  1  1 11  3  1  5  3  2  1 11  1  3  1  1  1  1  2  3
[1249] 24 11  6 11  2  5  2  3  1  3  5  1  1  3 11  2  1  1  1  2  3  6  1  5
[1273]  1  1  2 11  1  3  1 11 11  2  1  3  1  3  1  1  1  3  1  3 24  3 21  6
[1297]  3  1  3  2  5  3 11  3  6  1  1 11  5  3  3  3  1  1  1  1  6  1  3  5
[1321]  1  3  1  3 11  3  2  1 11 11  3 16  3  3  3  3  3  1  3  3  1  1  1  3
[1345] 21 16  1  3  1  1  5  3  6  1  3  3  3  6 12 11  2  6  3  3  3  3  2  1
[1369] 12  3  3  1  6  4  4  3  2  3  1 11  3  3  1 12 11  1  3  3  3  1  1  1
[1393]  1  1 11 11  5  1  3 11 12  1  3  1  3  1  3  6  3 11 11  2  3  1  1  2
[1417]  3  2  2  3  2  3  3  3  1  1  2  3  7  3 16  1 11  1  1  1  3  3  1  1
[1441] 11  1  2 11  2  5  7  6  2  3  3 11  3  1  3  2  1  2  1  3  1  5  3  1
[1465]  3  1  3  4 11  3 11  1  3 15  3  1  5  3  3  3 12  3  3  3  7 22 20  7
[1489]  7 19 19 27 27 19  7 27 27  7 19 26 19  9 27 23 27 27  7 22 18 27 27  7
[1513] 27 18 18 25 25 22  7 27 27 27 27 27 27 27 27 25 25 19 25  7 18 19 27 18
[1537]  7 20 27 27 27 18 22 22  7 27 18 23 27 18 18 27 27 22  7 25  7 25 23  7
[1561] 25  7 26 22 26 18 26 27 26 20  7  9 22 19 18 17 22 27  9 18 27  7 27 27
[1585] 25 19 26 20 27 22 27 25 27 27 19  9 22 27  7 27 23 27 27  9 23 20 25 22
[1609] 27 26 25 27 27  7 19 27 20 27  7 23 19 27  7 18 22  7 27  7 26 19  7  9
[1633] 19  7 27 25  7 25 27 25 18 18 27 27 27 19  7  7  9  7 19 18 25 19  7 18
[1657] 19 19  9  9 25 27 27 19 18 27 26 18 27 19  7 20 18 27 19 25 27 19 27 23
[1681] 20 27 25 20  7 25 19  7 19 27 19 27 27  7 27 25 22 18 22  7 27 27 27 18
[1705] 19 19 25 22 23 27 22 18 22 27 27  7 26 19 27 22  7 27  7 25 27  7  7 19
[1729]  7  7  7  7  7 27 18 18 27 18 18 27 27  7  7 25 27 27 26 27 27 18 27 27
[1753]  7 27 18 19 18 18 18  7 25 25 27 25 25  7 22 26 18  9 25 19 27  7 19 27
[1777] 20 25  7 27 25 23 25 18 19  7 27 27 26 22 18  7 18  7  7  7 25 27 25 27
[1801] 22 18 18 19  7  7 26 19 25 23 25  8 27 18  7 18  7  7  7  7 22 23 22 27
[1825] 27 27 22 22 20 27  7  7 27  7 19 19 27 27 18 25 25 17 27  7 22 22  7 23
[1849] 25  9 18 25 25 26 18 25 27 19 27  7 27 25 25 27 27 27 19  7 18 27  8 23
[1873] 27  7 27 26  7 25 27  7  7 27 25 22 25  7  7 23  7 27 25 27 27 25 27 25
[1897] 18 19 27 17 25 27  7 20 26 27 18 27 22  7 26 27 26  7  7 27  7 25  7 18
[1921] 27 18 27  7 18 18 19 18 27 18 27 25  7 22 27 22 23 20 27 26  7 25 27 25
[1945] 22 18 18 18 23 27 18 27 27 19 27  7 19 26 19 22  7 27 27 27  7  7  9  7
[1969] 27 22 27 18 27 23 18 27 27 25  7 27 18 20 22 25 27  7 27 26  7 27  7 18
[1993] 25  7  7 18  7 27  7 19 23  9 26  7 18 18 19  7 27 27 25  7 25 27  9 19
[2017] 25 18 25 27 27 25  7 25 23  7 18 18  7 26 19  7 23 27 27 27 25 27 23 20
[2041] 27  7 22  7 18 18 27 27 27 25 18 27 18 18 25 18 19 19  9  8 25 18  7 27
[2065]  9  7 18  7  7 27  8 18 23 26 19 20 18 25 19 19 26 27 27 27 22 27 27  7
[2089] 19 27 25 20 27 27 26  7 27  7 27 27 27 18 17 27 27 18 27  7 27 20 27 18
[2113] 27 20 19 22 25 25  7  7 27  7  7 26 18 27  7 26 27 25  7 27 26 27 19 18
[2137] 22 22 27 27 27 27 26 19 23 18  7 27 19 27 27 26  7  7 19 27 18 23 27 25
[2161] 18  7 27  7 25 26 22 18 18 25 27 18 25 18 18 27  7 19 25 22  7 19  7 18
[2185] 18 26 22  7 27 18 23 18 25 25 27  7 18  9 25 18 19 26 18 27 18 26 19 27
[2209]  7 27  7 18 18 18 27 27  7  7 23  7 27  7 27  7 18  8 19  8 27 27 27 27
[2233]  7 19 18 18 27 25  7 27 25 19 18  7 23 27 22 18 19 27  7 23 26 19  7 27
[2257] 27 25 26  8 26 26 18 19 27 25 27 27  7  7 18 25 27 27  7 17 27 25 19  7
[2281] 19 18  7  7 17 18 23 27  7  7 23 23 27 27 27 27 27 18 25 27  7 23 18 27
[2305]  7  7 26 27 18 23 25 26  7 27 26 18  7 25  7 27 23 27  7 27 19 25  7  7
[2329] 27 27 27 27 27 18 27 27  7  7 27 27 18 27  7 18 27 25 26 19 27 27 18  7
[2353]  7 22 27 27 27 20 19 26 27  7 22 25 27  7  7 27 27 14 22  7 27 27 18  7
[2377] 27 19  7 26 27 27 19  7 25 27 18  7 18 27 27 19  7 19 18 27 27 18 19 19
[2401] 20 27 26 18 18 18 18  7 22  7 20 27  7 22  7 27 23  7 27 27 25 27 27  7
[2425] 18 23 27 27 26 27  7 18  7 27 18  7 25 19 18 25  7 25 27 27 26 18  7 27
[2449]  7 27 27 19 19 19 25  7  7 17 27 27 25 27  7 27  7 26 26 25  7 27 27 26
[2473]  7 19 27 19 18 26 19 22  9  7 27  7 27 22 18  8 25 18 17  7 27 27 26 19
[2497] 27 23 25 22 27  7 19 18 19 27 19 18 18 19  7 18 18 27 25  7  7 19 27  7
[2521] 18 18 27 20  7 18 18 18  7  7 27 27 27 18 19 26 26 26 27 25 23 27 18  7
[2545] 25 19 18 25  7 18 25  7 23 27  7 18 27  7 27 27 19 22 27  7 19 22 27  7
[2569] 18  7 27 27 19 19 27 27 25  9  7 24 27 26 27 20 27  7 25 27  7 27  7 27
[2593] 27 27 27 18 18 18  7  7 25 27 27 19 26 25 19 19 25 25 27 20 25  7 27  7
[2617] 27 23  8 23 19 25 26 20 27  7 27 23 25 27 27  7 27 27 20 27 22 22 19 27
[2641] 19 27  7 19 27 18 25 23 19  7  7 27  7  7 26 27 27 18 27  7 17 26  7  7
[2665]  9 19 27  7 22 18  7 27 22  7 23 19  7  7  7  7 19 26 26 25 23 27 27 27
[2689]  7 19 19 26 26 19 18  7  7 27 27 19 27 18 27 22  7 19  7 25 20 27 27 27
[2713] 18 27 27 25  7 27 19  7 18 22  7 18 22 27 22 22 27 27 23 22  7 27 27  7
[2737] 25 27 26 22 27 27 19 27  7  7  7 18 19 27 27 20 26 18  7  7 23 19 22 22
[2761] 25 27 27 27 27 23 18  7 18 27 27  7 25 19  7  7 27  7  7 19 25 27 20 27
[2785] 27 26  7  7 27 27 19 18 18 27  7  7 23  7 18 25  7 27  7 18 27  7  7  7
[2809] 27 26 27 25 27 25 26 20 25  7 18  7 27 18 26 27 22  7 27 18 27 18 27  8
[2833]  7  7 25 27  7 25 23 27 19 26 25 22 19 23  7 27  7 18 27 27 25 18 27  7
[2857] 27 18 19 18  7 22  7 25 18 18 18 27 23 27 27  7 25 27  7 27 18 27 27  7
[2881] 27 18 25 26 25 18  7 18 27  7  7 27 25 27 27  7 18 18 27 19  7 27  7 27
[2905] 27 19 27 25 25 25 19  7 18 27 27 27  7 18 18 25 19 27 26 19 18 19  7 17
[2929]  7 14 10 14 14  3 10 10 14 14 14 14 14 10 10 14 10 10  4 14 14 10 14 14
[2953] 14 14 10 14  4 14 14  7  4 14 14 14 14 10 14 14 10 14 14 14 10 14 10 10
[2977] 14  4 14  4 14 10 14 14 14 14 10  4 14 14 14 14 14 14 10 14 14 14 10 14
[3001] 14 14 14 14 14 14 10 10 14 10 10 10 10 10 14 14 14 10 14 10  4 10 10 14
[3025] 14 14 10 14 10 14 14 14 10 14 14 10 14 16 10 10 10 14 10 10 10 10 10 10
[3049] 10 10 10 10 10 10 10 10 10  4 10 14 14 10 24 10 10 10 10 10 10 10 10 10
[3073] 10 10 10 10 10 10 10 16 10 10 10 10 10 10 10 14 10 10 10 10 10 10 14 10
[3097] 14 14 10 10 14 10 10 10  4 14 10 10 10 10 10 10 14 10 24 10 14 14 10 10
[3121] 10 14 10 10 14 10 10 10 10 14 10 14 10 10 10 10 10 10 10 10 10 10 14 10
[3145] 10 14 14 10 14 10 10 10 10 10 10 10 10 10 14 10 10 10 10 10 10 10 10 14
[3169] 10 10 14 14 10 14 10 14 10 10 10 10 10 10 10 10 10 10
***t-SNE wrapper function***
running...
done.
[1] "  ...tSNE"
[1] "DONE"
