$cluster_input_directory
[1] "../../rnaSeq/output/cluster/seurat/GSE98816/"

$name_dataset
[1] "GSE98816"

$output_directory
[1] "../../rnaSeq/output/visualize/tSNE/seurat/GSE98816/"

$preprocessed_input_directory
[1] "/home/emiliano/projects/def-cdesouza/Lab/data/preprocessed/GSE98816/"

$trueCluster_input_directory
[1] "/home/emiliano/projects/def-cdesouza/Lab/data/true/GSE98816/"

[1] "preprocessed_1_GSE98816.csv"
[1] "clustersSeurat_1_GSE98816.csv"
[1] 1
[1] "  ...read"
   [1]  0  1  1  0  0  4  1  7  1  0  1  0  4  0  0  0  5  0  0  0  5  0  5  3
  [25]  1  9  7  1  0  0  1 12  0  1  0  1  0  9  1  7  5  1  0  0  5  0  0 12
  [49]  0 12  0  1  0  1  0  1  1  0  7  1  9  0  7  1  1  4  9  1  1  5  1  0
  [73]  0  5  1  5  7  0  2  0  4  1  5  5  5  9  5  0  7  7  0  1  0  5  0  0
  [97]  1  0  1  0  1  1  0  1  0  0  7  5  1  1  0  3  0  0  7  1  1  5  1  0
 [121]  0  1  0  1  9  0  1  2  1 10  0  1  7  0  1  7  1  1  0  1  0  1  1  5
 [145]  1  1  1  0  1  7  0  5  7  0  0  0  0  5  7  1  7  0  5  1  1  1  1  1
 [169]  0  5  7  1  0  0  7  1  0  5  1  1  7  1  4  1  0  5  4  1  5  1  2  9
 [193]  1  7  7  5  1  5  5  0  7  1  1  1  0  0  9  1  1  0  5  1  7  7  1  1
 [217]  5  1  1  1  5  0  9  5  0  7  0  0  5  5  0  7  5  7  0  1  7  7  0  1
 [241]  1  1  7  1  5  5  5  4  5  1  0  0  5  0  0  5  5  0  1  1  0  1  0  5
 [265]  5  7  1  7 12  0  1  7  1  1  1  5  1  7  5  1  0  9  1  5  0  1  1  5
 [289]  0  5 12  7  1  0  0  5  0  1  1  1  1  0 12  7  4  1  1  0  6  0  1  7
 [313]  0  7  1  1  1  1  1  1  0  1  0  1  0  1  0  4  1  5  0  7  1  0  7  1
 [337]  1  5  0  7  5  0  0  0  4  7  7 12  1  1  4  0  1  1  0  5  1  3  1  1
 [361]  5 12  4  5  1  5  0  1  5  1  4  5  1  1  0  0  1  1  0  1  4  1  5  1
 [385]  0  1  0  1  7  0  7  7  7  0  0  0  0  1  7  1  0  7  1  1  0  2  7  1
 [409]  1  1  0  1  1  5  1  0  1  0  1  1  1  5  4  7  0  5  1  0  1  0  1  1
 [433]  1  1  4  1  0  0  0  0  1  0  0  4  7  1  1  1  1  5  7  5  1  7  0  1
 [457]  0  0  5  0  5  0  0  1  5  0  1  0  1  0  1  0  7  7  5  1  9  1  1  5
 [481]  0  4  1  7  0  1  3  0 12  0  1  1  9  0  4  1  0  1  0  5  1  0  1  1
 [505]  0  1  1  1  7  0  5  0  0  1  0  0  0  5  1  5  7  5  1  0  1  0  7  5
 [529]  0  5  0  5  0  4  1  7  5  0  1  1  1  1  9  0  5  1  1  0  1  0  0  7
 [553]  6  0  5  1  1  9  1  0  1  1  0  0  4  1  1  1  7  1  0  7  0  7  1  0
 [577]  7  0  1  9  1  1  7  7  1  5  0  1  7  5  7  0  7  1  0  0  0  7  0  5
 [601]  0  5  5  5  0  2  0  4  1  9  1  1  0  1  1  7  1  0  7  0  1  0  7  0
 [625]  1  0  1  1  0  0  0  2  1  7  7  1  1  0  1  0  7  7  5  0  5  0  5  7
 [649]  0  7  5  5  0  4  1  5  7  5  1  0  1  4  4  0  5  5  1  7  4  1  1  0
 [673]  1  4  1  1  1  0  0  1  5  5  0  1  1  0  3  0  0  1  0  1  1  0  1  1
 [697]  0  0  1  0  0  7  0  1  0  0  0  7  7  1  0  0  1  5  1  9  1  7  1  0
 [721]  5  1  0  1  1  4  1  5  5  1  4  0  1  1  7  0  5  5  1  0  0  0  1  7
 [745]  1  7  1  0  0  0  7  7  5  5  9  1  0  0  0  0  0  1  0  5  7  5  1  1
 [769]  0  1  5  7  0  0  7  1  1  0  0  4  0  1  1  7  5  5  1  5  1  7  0  0
 [793]  1  0  0  1  0  7  5  0  1  1  1  0  1  5  5  0  0  1  7  1  0  1  5  0
 [817]  5  0  0  4  0  2  0  5  1  1  0  0  7  5  0  0  1  0  0  1  0  7  1  1
 [841]  0  5  7  5  3  0  7  1  1  7  7  1  4  0  7  5  0  0  5  0  0  0  4  1
 [865]  1  7  1  0  1  4  7  0  0  0  1  1  0  5  0  5  9  0  0  7  1  1  0  0
 [889]  0  0  0  0  5  5  0  1  0  0  0  5  7  1  0  0  5  1  1  0  1  0  5  0
 [913]  0  7  0  4  0  0  1  1  7  0  6  1  4  0  0  0  5  2  5  5  7  0  1  1
 [937]  0  0  7  0  1  0  0  1  0  9  0  7  1  1  1  4  5  1  5  7  1  1  0  0
 [961]  5  0  5  5  0  7  1  0  7  0  0  0  1  0  0  0  0  9  7  0  0  0  5  5
 [985]  7  1  5  0  0  7  5  0  0  0  5  1  0  1  4  1  0  1  9  4  1  1  1  1
[1009]  1  0  1  1  1  5  0  0  0  1  0  0  7  1  0  1  4  0  0  0  0  7  1  7
[1033]  5  7  9  1  1  0  1  1  7  0  1  5  0  1  1  0  1  5  1  1  7 10  1  0
[1057]  0  1  1  5  5  1  0  7  1  0  1  1  1  0  7  7  7  0  1  0  7  1  5  5
[1081]  0  0  0  1  0  2  4  0  1  0  1  1  7  0  1  1  6  0  1  5  2  0  5  0
[1105]  7  7  0  0  0  1  1  7  7  0  0  1  0  0  5  0  5  1  1  7  1  1  1  1
[1129]  0  0  0  1  0  1  0  5  7  7  5  7  0  0  1  1  0  7  5  0  0  7  0  0
[1153]  0  0  7  0  1  1  0  0  1  0  0  1  7  1  4  0  5  0  0  0  1  0  5  0
[1177]  0  0  0  5  5  1  0  1  0  9  5  5  5  7  0  0  0  0  5  1  1  5  5  9
[1201]  5  7  7  0  1  1  0  5  1  0 12  0  0  0  1  7  0  0  5  5  1  1  0  1
[1225]  0  1  0  0  0  9  1  0  7  1  0  5  1  0  0  7  5  0  0  0  0  0  0  1
[1249]  3  7  5  7  0  5  0  1  0  1  5  0  0  1  7  1  0  0  1  0  1  0  1  5
[1273]  1  1  9  7  0  0  0  7  7  0  0  0  0  0  0  0  1  1  0  1  2  1  4  1
[1297]  0  0  5  0  5  0  7  0  0  1  1  7  5  1  0  0  0  0  0  0  5  0  1  5
[1321]  1  0  1  1  7  1  0  0  7  7  0  4  0  1  0  0  9  1  1  5  0  0  0  0
[1345]  4  4  1  0  0  0  5  0  1  0  0  0  0  5  7  7  1  5  0  0  0  0  0  1
[1369]  7  1  1  5  5  5  0  0  0  0  0  7  1  1  1  7  7  0  1  1  0  1  1  0
[1393]  1  0  7  7  5  1  1  7  7  1  0  0  1  1  0  5  0  7  7  0  0  1  0  5
[1417]  0  0  0  0  0  0  0  0  1  1  0  0  4  1  0  1  7  0  1  1  5  0  0  1
[1441]  7  0  0  7  0  7  6  5  1  0  5  7  1  1  0  0  1  1  0  1  1  5  0  1
[1465]  1  9  0  0  7  0  7  0  1  3  0  0  5  1  0  0  7  0  0  0  6  9  2  3
[1489]  6  2  4  2  4  4  3  2  4  3  2  3  4  4  4  4  4  4  3  4  4  2  3  6
[1513]  4  4  3  4  3  4  6  2  2  3  2  3  3  4  4  2  6  4  3  6  3  4  4  3
[1537]  6  2  3  9  9  3  4  4  3  2  2  4  9  2  2  2  2  2  6  9  3  2  4  4
[1561]  3  3  3  2  4  2  2  2  4  4  9  3  4  2  9  4  4  4  4  2  9  3  2  2
[1585]  4  3  2  4  2  4  3  3  3  2  3  3  2  4  4  3  4  4  4  3  4  2  2  4
[1609]  4  3  3  9  2  6  2  3  4  9  3  4  2  2  3  6  4  3  2  3  4  2  6  3
[1633]  3  6  2  6  4  2  4  3  2  4  2  3  2  2  6  4  6  6  2  3  2  2  3  4
[1657]  4  3  3  2  2  2  2  2  4  2  3  2  2  2  4  2  2  4  2  3  4  4  2  4
[1681]  9  2  3  9  6  3  2  6  3  4  4  9  2  6  3  2  4  4  4  4  4  3  2  3
[1705]  2  4  3  4  4  2  4  3  2  2  2  6  3  3  2  2  2  2  3  2  4  3  6  3
[1729]  2  3  3  6  3  2  4  3  2  4  3  2  4  6  6  2  2  2  4  2  3  4  2  2
[1753]  3  3  3  4  2  2  3  4  2  2  4  4  3  6  2  4  3  3  4  2  2  6  4  3
[1777]  3  3  6  4  3  4  4  2  4  6  3  2  4  4  3  6  2  3  3  9  4  2  3  2
[1801]  4  2  3  2  6  4  2  9  4  4  4  6  2  6  6  3  3  6  6  3  4  4  9  3
[1825]  2  2  2  4  4  2  3  6  2  6  4  3  3  9  2  3  9  4  4  6  2  2  6  4
[1849]  3  3  3  3  4  4  3  3  3  3  4  3  2  6  6  4  2  2  3  6  4  4  3  2
[1873]  9  4  4  4  6  2  4  4  6  4  4  2  4  6  3  2  2  3  6  4  3  2  2  9
[1897]  3  4  3  4  4  9  3  3  9  3  3  2  4  6  2  2  4  9  6  2  3  4  4  6
[1921]  4  3  3  6  2  2  2  3  4  2  2  2  3  4  4  4  4  2  9  6  3  4  2  3
[1945]  4  3  4  2  4  2  2  2  2  2  9  6  3  3  2  4  6  3  2  9  6  6  3  6
[1969]  4  9  4  4  3  4  3  3  2  3  3  2  3  3  9  3  2  6  2  2  4  3  6  2
[1993]  4  6  6  2  2  4  6  4  2  3  2  6  9  3  9  3  3  2  3  3  2  4  4  9
[2017]  4  3  2  2  4  9  4  3  2  6  4  4  4  2  4  4  4  3  2  2  3  4  4  2
[2041]  4  3  4  3  2  9  3  2  4  2  2  2  3  2  2  2  2  4  3  4  2  2  3  4
[2065]  4  6  3  4  6  9  4  3  4  4  3  3  2  3  3  2  9  2  4  2  4  2  9  6
[2089]  2  9  2  3  2  3  4  6  3  6  2  4  3  3  4  2  4  9  4  6  3  3  2  2
[2113]  2  4  2  2  2  3  3  9  4  3  9  2  2  2  3  2  2  2  3  2  4  3  2  4
[2137]  4  4  2  4  2  2  4  2  2  2  3  2  2  3  4  4  3  3  2  4  3  9  2  3
[2161]  2  6  9  6  4  3  2  3  3 12  4  2  3  3  2  2  9  9  3  2  6  2  3  3
[2185]  3  2  2  3  4  2  4  2  2  3  2  6  3  3  2  2  4  2  3  3  3  3  2  2
[2209]  3  2  3  3  3  3  4  3  6  3  4  3  3  3  3  3  3  6  3  6  3  2  4  2
[2233]  6  2  3  3  2  2  6  4  4  2  2  3  4  4  2  9  4  2  3  2  4  2  6  2
[2257]  2  6  4  6  2  3  3  2  4  3  3  2  6  4  3  6  2  9  6  4  2  4  4  6
[2281]  3  2  6  6  4  3  4  4  6  3  4  4  3  4  3  4  2  4  4  3  3  4  3  4
[2305]  6  3  4  2  9  4  3  3  6  2  3  3  6  4  3  3  4  2  6  3  2  4  6  6
[2329]  3  2  4  3  2  3  9  2  3  3  2  4  2  4  6  3  4  4  2  3  2  4  3  6
[2353]  3  3  2  2  2  4  3  2  2  2  2  3  2  6  6  4  4 12  2  3  2  2  4  3
[2377]  9  9  6  3  2  9  2  3  3  2  3  6  3  2  3  4  6  4  3  2  4  3  4  3
[2401]  3  4  4  3  2  3  2  3  2  6  9  4  3  4  6  3  4  6  4  2  3  2  2  6
[2425]  3  4  2 12  4  2  6  4  9  2  3  6  3  3  3  3  3  2  3  3  2  3  3  3
[2449]  6  2  4  3  2  2  3  6  3  3  3  2  3  4  6  2  3  3  2  2  6  2  4  3
[2473]  3  4  4  2  9  2  3  4  3  6  2  4  4  2  2  3  3  3  3  6  4  3  2  3
[2497]  3  4  9  4  4  6  3  3  2  2  2  3  3  9  6  3  2  2  4  6  6  3  2  6
[2521]  3  3  4  2  6  3  6  9  6  3  4  3  3  9  2  4  4  2  3  2  4  4  2  6
[2545]  3  4  3  2  6  2  2  6  4  2  3  6  3  6  3  9  3  4  4  3  2  4  4  6
[2569]  2  6  2  4  3  2  2  2  3  3  6  9  2  3  3  4  3  3  3  4  6  2  6  4
[2593]  3  3  3  3  2  4  6  6  3  2  2  2  4  4  2  9  3  3  2  4  2  3  9  6
[2617]  6  9  3  4  3  4  2  4  2  6  2  4  3  4  2  2  2  4  4  4  2  2  2  4
[2641]  2  2  6  2  2  3  3  2  2  3  3  2  6  3  4  9  2  2  4  6  6  2  6  6
[2665]  6  3  9  6  4  3  6  4  2  6  4  2  3  6  3  6  2  4  3  4  4  2  2  4
[2689]  3  2  2  2  3  2  2  3  9  2  4  9  3  3  9  2  6  2  6  3  3  4  3  2
[2713]  3  4  3  3  6  4  4  6  4  4  3  2  4  4  2  4  3  3  4  4  6  2  4  3
[2737]  4  2  4  4  2  3  9  2  6  3  3  2  4  3  3  3  3  3  6  3  4  2  3  2
[2761]  2  2  4  2  3  4  2  6  3  4  4  6  2  4  6  6  2  6  6  6  4  3  2  2
[2785]  2  2  3  3  2  4  4  6  9  4  4  3  4  3  3  2  6  2  2  3  3  9  6  3
[2809]  2  2  2  3  2  4  4  4  2  6  2  6  4  2  2  4  4  6  4  3  2  3  3  6
[2833]  3  6  6  3  3  3  4  2  3  2  3  9  4  9  6  4  2  3  3  3  2  2  4  3
[2857]  3  2  2  3  6  4  3  2  2  3  3  2  4  3  2  6  3  2  6  2  3  2  3  3
[2881]  2  3  2  4  3  6  6  3  9  6  4  2  2  4  2  3  3  3  9  3  3  2  6  2
[2905]  2  2  4  2  4  3  2  3  3  4  2  3  6  2  4  3  2  4  2  9  3  4  3  4
[2929]  3 11  8 10 10 10  8  8 10  9 10  9 12  8  8 12  8  8 10 11 10  8 12 11
[2953] 11 10  8 11 10 12 11  6 10 11 11 11 10  8 10 10  8 10 10 11  8 10  8  8
[2977] 11 10 10 10 10  8 10  9  9 11  8 10 11 12 11 10 10 10  8 10 10 11  8 10
[3001] 12 11 11 11 10 11  8  8 10  8  8  8  8  8 10 10 11  8 12  8 10  8  8 12
[3025] 10 11  8 11  8  9  9 10  8 10 11  8 11 10  8  8  8 11  8  8  8  8  8  8
[3049]  8  8  8  8  8  8  8  8  8 10  8 11 11  8  9  9  8  8  8  8  8  8  8  8
[3073]  8  8  8  8  8  8  8 12  8  8  8  8  8  8  8 10  8  8  8  8  8  8 11  8
[3097] 11 12  8  8 10  8  8  8 10 10  8  8  8  8  8  8 11  8  6  8 10 11  8  8
[3121]  8 12  8  8 11  8  8  8  8 11  8 11  8  8  8  8  8  8  8  8  8  8 11  8
[3145]  8 10 10  8 11  8  8  8  8  8  8  8  8  8 10  8  8  8  8  8  8  8  8 11
[3169]  8  8 11 11  8 11  8 10  8  8  8  8  8  8  8  8  8  8
***t-SNE wrapper function***
running...
done.
[1] "  ...tSNE"
[1] "DONE"
