Building DAG of jobs...
Using shell: /cvmfs/soft.computecanada.ca/gentoo/2020/bin/bash
Provided cores: 1
Rules claiming more threads will be scaled down.
Job counts:
	count	jobs
	1	PURITY
	1	all
	1	cMATRIX
	1	heatmap
	1	tSNE
	5

[Thu Aug 12 12:55:18 2021]
rule tSNE:
    output: /home/emiliano/projects/def-cdesouza/Lab/MRNA_pipe/Pipe/output/visualize/tSNE+PCA/LaManno.txt
    jobid: 4

Waiting at most 5 seconds for missing files.
MissingOutputException in line 56 of /project/6052548/Lab/MRNA_pipe/Pipe/Snakemake/Visualize/Snakefile:
Missing files after 5 seconds:
/home/emiliano/projects/def-cdesouza/Lab/MRNA_pipe/Pipe/output/visualize/tSNE+PCA/LaManno.txt
This might be due to filesystem latency. If that is the case, consider to increase the wait time with --latency-wait.
Shutting down, this might take some time.
Exiting because a job execution failed. Look above for error message
Complete log: /project/6052548/Lab/MRNA_pipe/Pipe/Snakemake/Visualize/.snakemake/log/2021-08-12T125518.156743.snakemake.log
