Building DAG of jobs...
Using shell: /cvmfs/soft.computecanada.ca/gentoo/2020/bin/bash
Provided cores: 1
Rules claiming more threads will be scaled down.
Job counts:
	count	jobs
	1	PURITY
	1	all
	2

[Fri Aug  6 13:50:25 2021]
rule PURITY:
    output: /home/emiliano/projects/def-cdesouza/Lab/AIR+VM+PURITY_LaManno.txt
    jobid: 1

[Fri Aug  6 13:50:36 2021]
Error in rule PURITY:
    jobid: 1
    output: /home/emiliano/projects/def-cdesouza/Lab/AIR+VM+PURITY_LaManno.txt
    shell:
        Rscript /home/emiliano/projects/def-cdesouza/Lab/MRNA_pipe/Pipe/code/Vizualize/AIR+VM+Purity.R --output_directory /home/emiliano/projects/def-cdesouza/Lab/MRNA_pipe/Pipe/output/visualize --preprocessed_input_directory /home/emiliano/projects/def-cdesouza/Lab --true_cluster_input_directory /home/emiliano/projects/def-cdesouza/Lab/data/true/LaManno/ --sc3_cluster_input_directory /home/emiliano/projects/def-cdesouza/Lab/MRNA_pipe/Pipe/output/cluster/sc3 --seurat_cluster_input_directory /home/emiliano/projects/def-cdesouza/Lab/MRNA_pipe/Pipe/output/cluster/seurat --giniclust_cluster_input_directory /home/emiliano/projects/def-cdesouza/Lab/MRNA_pipe/Pipe/output/cluster/giniclust --backspin_cluster_input_directory /home/emiliano/projects/def-cdesouza/Lab/MRNA_pipe/Pipe/output/cluster/backspin --name_dataset config[DATA_NAME] 
        (exited with non-zero exit code)

Shutting down, this might take some time.
Exiting because a job execution failed. Look above for error message
Complete log: /project/6052548/Lab/MRNA_pipe/Pipe/Snakemake/Visualize/.snakemake/log/2021-08-06T135025.254147.snakemake.log
