Building DAG of jobs...
Using shell: /cvmfs/soft.computecanada.ca/gentoo/2020/bin/bash
Provided cores: 1
Rules claiming more threads will be scaled down.
Job counts:
	count	jobs
	1	all
	1	cMATRIX
	1	heatmap
	1	tSNE
	4

[Wed Aug 11 13:08:55 2021]
rule heatmap:
    output: /home/emiliano/projects/def-cdesouza/Lab/MRNA_pipe/Pipe/output/visualize/heatmap/LaManno.txt
    jobid: 3

[Wed Aug 11 13:09:02 2021]
Error in rule heatmap:
    jobid: 3
    output: /home/emiliano/projects/def-cdesouza/Lab/MRNA_pipe/Pipe/output/visualize/heatmap/LaManno.txt
    shell:
        Rscript /home/emiliano/projects/def-cdesouza/Lab/MRNA_pipe/Pipe/code/Vizualize/heatmap.R --output_directory /home/emiliano/projects/def-cdesouza/Lab/MRNA_pipe/Pipe/output/visualize --preprocessed_input_directory /home/emiliano/projects/def-cdesouza/Lab/pre --true_cluster_input_directory /home/emiliano/projects/def-cdesouza/Lab/data/true/LaManno/ --sc3_cluster_input_directory /home/emiliano/projects/def-cdesouza/Lab/MRNA_pipe/Pipe/output/cluster/sc3 --seurat_cluster_input_directory /home/emiliano/projects/def-cdesouza/Lab/MRNA_pipe/Pipe/output/cluster/seurat --giniclust_cluster_input_directory /home/emiliano/projects/def-cdesouza/Lab/MRNA_pipe/Pipe/output/cluster/giniclust --backspin_cluster_input_directory /home/emiliano/projects/def-cdesouza/Lab/MRNA_pipe/Pipe/output/cluster/backspin --name_dataset LaManno 
        (exited with non-zero exit code)

Shutting down, this might take some time.
Exiting because a job execution failed. Look above for error message
Complete log: /project/6052548/Lab/MRNA_pipe/Pipe/Snakemake/Visualize/.snakemake/log/2021-08-11T130855.769731.snakemake.log
