Building DAG of jobs...
Using shell: /cvmfs/soft.computecanada.ca/gentoo/2020/bin/bash
Provided cores: 1
Rules claiming more threads will be scaled down.
Job counts:
	count	jobs
	1	PURITY
	1	all
	2

[Fri Aug  6 13:53:37 2021]
rule PURITY:
    output: /home/emiliano/projects/def-cdesouza/Lab/AIR+VM+PURITY_LaManno.txt
    jobid: 1

Waiting at most 5 seconds for missing files.
MissingOutputException in line 12 of /project/6052548/Lab/MRNA_pipe/Pipe/Snakemake/Visualize/Snakefile:
Missing files after 5 seconds:
/home/emiliano/projects/def-cdesouza/Lab/AIR+VM+PURITY_LaManno.txt
This might be due to filesystem latency. If that is the case, consider to increase the wait time with --latency-wait.
Shutting down, this might take some time.
Exiting because a job execution failed. Look above for error message
Complete log: /project/6052548/Lab/MRNA_pipe/Pipe/Snakemake/Visualize/.snakemake/log/2021-08-06T135337.549273.snakemake.log
