Building DAG of jobs...
Using shell: /cvmfs/soft.computecanada.ca/gentoo/2020/bin/bash
Provided cores: 1
Rules claiming more threads will be scaled down.
Job counts:
	count	jobs
	1	all
	1	cMATRIX
	1	heatmap
	1	tSNE
	4

[Wed Aug 11 13:16:49 2021]
rule heatmap:
    output: /home/emiliano/projects/def-cdesouza/Lab/MRNA_pipe/Pipe/output/visualize/heatmap/LaManno.txt
    jobid: 3

[Wed Aug 11 13:16:54 2021]
Finished job 3.
1 of 4 steps (25%) done

[Wed Aug 11 13:16:54 2021]
rule cMATRIX:
    output: /home/emiliano/projects/def-cdesouza/Lab/MRNA_pipe/Pipe/output/visualize/cMatrix/LaManno.txt
    jobid: 2

[Wed Aug 11 13:16:59 2021]
Finished job 2.
2 of 4 steps (50%) done

[Wed Aug 11 13:16:59 2021]
rule tSNE:
    output: /home/emiliano/projects/def-cdesouza/Lab/MRNA_pipe/Pipe/output/visualize/tSNE+PCA/LaManno.txt
    jobid: 4

[Wed Aug 11 13:17:07 2021]
Error in rule tSNE:
    jobid: 4
    output: /home/emiliano/projects/def-cdesouza/Lab/MRNA_pipe/Pipe/output/visualize/tSNE+PCA/LaManno.txt
    shell:
        Rscript /home/emiliano/projects/def-cdesouza/Lab/MRNA_pipe/Pipe/code/Vizualize/tSNE+PCA.R --output_directory /home/emiliano/projects/def-cdesouza/Lab/MRNA_pipe/Pipe/output/visualize --preprocessed_input_directory /home/emiliano/projects/def-cdesouza/Lab/pre --true_cluster_input_directory /home/emiliano/projects/def-cdesouza/Lab/data/true/LaManno/ --sc3_cluster_input_directory /home/emiliano/projects/def-cdesouza/Lab/MRNA_pipe/Pipe/output/cluster/sc3 --seurat_cluster_input_directory /home/emiliano/projects/def-cdesouza/Lab/MRNA_pipe/Pipe/output/cluster/seurat --giniclust_cluster_input_directory /home/emiliano/projects/def-cdesouza/Lab/MRNA_pipe/Pipe/output/cluster/giniclust --backspin_cluster_input_directory /home/emiliano/projects/def-cdesouza/Lab/MRNA_pipe/Pipe/output/cluster/backspin --name_dataset LaManno 
        (exited with non-zero exit code)

Removing output files of failed job tSNE since they might be corrupted:
/home/emiliano/projects/def-cdesouza/Lab/MRNA_pipe/Pipe/output/visualize/tSNE+PCA/LaManno.txt
Shutting down, this might take some time.
Exiting because a job execution failed. Look above for error message
Complete log: /project/6052548/Lab/MRNA_pipe/Pipe/Snakemake/Visualize/.snakemake/log/2021-08-11T131649.144057.snakemake.log
