Building DAG of jobs...
Using shell: /cvmfs/soft.computecanada.ca/gentoo/2020/bin/bash
Provided cores: 1
Rules claiming more threads will be scaled down.
Job counts:
	count	jobs
	1	PURITY
	1	all
	1	cMATRIX
	1	heatmap
	1	tSNE
	5

[Thu Aug 12 12:50:21 2021]
rule heatmap:
    output: /home/emiliano/projects/def-cdesouza/Lab/MRNA_pipe/Pipe/output/visualize/heatmap/LaManno.txt
    jobid: 3

[Thu Aug 12 12:50:27 2021]
Finished job 3.
1 of 5 steps (20%) done

[Thu Aug 12 12:50:27 2021]
rule PURITY:
    output: /home/emiliano/projects/def-cdesouza/Lab/MRNA_pipe/Pipe/output/visualize/AIR+VM+PURITY/LaManno.txt
    jobid: 1

[Thu Aug 12 12:50:34 2021]
Finished job 1.
2 of 5 steps (40%) done

[Thu Aug 12 12:50:34 2021]
rule cMATRIX:
    output: /home/emiliano/projects/def-cdesouza/Lab/MRNA_pipe/Pipe/output/visualize/cMatrix/LaManno.txt
    jobid: 2

[Thu Aug 12 12:50:39 2021]
Finished job 2.
3 of 5 steps (60%) done

[Thu Aug 12 12:50:39 2021]
rule tSNE:
    output: /home/emiliano/projects/def-cdesouza/Lab/MRNA_pipe/Pipe/output/visualize/tSNE+PCA/LaManno.txt
    jobid: 4

[Thu Aug 12 12:50:48 2021]
Finished job 4.
4 of 5 steps (80%) done

[Thu Aug 12 12:50:48 2021]
localrule all:
    input: /home/emiliano/projects/def-cdesouza/Lab/MRNA_pipe/Pipe/output/visualize/AIR+VM+PURITY/LaManno.txt, /home/emiliano/projects/def-cdesouza/Lab/MRNA_pipe/Pipe/output/visualize/cMatrix/LaManno.txt, /home/emiliano/projects/def-cdesouza/Lab/MRNA_pipe/Pipe/output/visualize/heatmap/LaManno.txt, /home/emiliano/projects/def-cdesouza/Lab/MRNA_pipe/Pipe/output/visualize/tSNE+PCA/LaManno.txt
    jobid: 0

[Thu Aug 12 12:50:48 2021]
Finished job 0.
5 of 5 steps (100%) done
Complete log: /project/6052548/Lab/MRNA_pipe/Pipe/Snakemake/Visualize/.snakemake/log/2021-08-12T125021.413046.snakemake.log
