$backspin_cluster_input_directory
[1] "/home/emiliano/projects/def-cdesouza/Lab/MRNA_pipe/Pipe/rnaSeq/output/cluster/backspin/zeisel"

$giniclust_cluster_input_directory
[1] "../../rnaSeq/output/cluster/giniclust/zeisel/"

$name_dataset
[1] "zeisel"

$output_directory
[1] "../../rnaSeq/output/compare/tSNE+PCA/zeisel"

$preprocessed_input_directory
[1] "/home/emiliano/projects/def-cdesouza/Lab/data/preprocessed/zeisel/"

$sc3_cluster_input_directory
[1] "../../rnaSeq/output/cluster/sc3/zeisel/"

$seurat_cluster_input_directory
[1] "../../rnaSeq/output/cluster/seurat/zeisel/"

$true_cluster_input_directory
[1] "/home/emiliano/projects/def-cdesouza/Lab/data/true/zeisel/"

[1] "zeisel.csv"
[1] "zeisel_true.csv"
[1] "clustersSC3_1_zeisel.csv"
[1] "clustersSeurat_1_zeisel.csv"
[1] "clustersGiniCLust_1_zeisel.csv"
[1] "clustersBackSpin6_1_zeisel.csv"
[1] 1
[1] "  ...read"
[1] "  ...read"
Performing PCA
Consider setting partial_pca=TRUE for large matrices
Read the 2919 x 50 data matrix successfully!
OpenMP is working. 1 threads.
Using no_dims = 2, perplexity = 30.000000, and theta = 0.000000
Computing input similarities...
Symmetrizing...
Done in 3.76 seconds!
Learning embedding...
Iteration 50: error is 81.576569 (50 iterations in 4.04 seconds)
Iteration 100: error is 72.976725 (50 iterations in 4.02 seconds)
Iteration 150: error is 71.900043 (50 iterations in 4.02 seconds)
Iteration 200: error is 71.753481 (50 iterations in 4.02 seconds)
Iteration 250: error is 71.730177 (50 iterations in 4.02 seconds)
Iteration 300: error is 1.693346 (50 iterations in 4.03 seconds)
Iteration 350: error is 1.343504 (50 iterations in 4.02 seconds)
Iteration 400: error is 1.187294 (50 iterations in 4.03 seconds)
Iteration 450: error is 1.099234 (50 iterations in 4.02 seconds)
Iteration 500: error is 1.043077 (50 iterations in 4.02 seconds)
Iteration 550: error is 1.004792 (50 iterations in 4.02 seconds)
Iteration 600: error is 0.977136 (50 iterations in 4.05 seconds)
Iteration 650: error is 0.956353 (50 iterations in 4.02 seconds)
Iteration 700: error is 0.940231 (50 iterations in 4.02 seconds)
Iteration 750: error is 0.927526 (50 iterations in 4.02 seconds)
Iteration 800: error is 0.917329 (50 iterations in 4.02 seconds)
Iteration 850: error is 0.909036 (50 iterations in 4.01 seconds)
Iteration 900: error is 0.902191 (50 iterations in 4.05 seconds)
Iteration 950: error is 0.896407 (50 iterations in 4.04 seconds)
Iteration 1000: error is 0.891433 (50 iterations in 4.02 seconds)
Fitting performed in 80.52 seconds.
Error: Insufficient values in manual scale. 7 needed but only 1 provided.
Backtrace:
     █
  1. └─cowplot::save_plot(...)
  2.   ├─cowplot::ggsave2(...)
  3.   │ └─base::do.call(ggplot2::ggsave, args, envir = parent.frame())
  4.   └─(function (filename, plot = last_plot(), device = NULL, path = NULL, ...
  5.     ├─grid::grid.draw(plot)
  6.     └─ggplot2:::grid.draw.ggplot(plot)
  7.       ├─base::print(x)
  8.       └─ggplot2:::print.ggplot(x)
  9.         ├─ggplot2::ggplot_build(x)
 10.         └─ggplot2:::ggplot_build.ggplot(x)
 11.           └─base::lapply(data, scales_map_df, scales = npscales)
 12.             └─ggplot2:::FUN(X[[i]], ...)
 13.               ├─base::unlist(...)
 14.               └─base::lapply(scales$scales, function(scale) scale$map_df(df = df))
 15.                 └─ggplot2:::FUN(X[[i]], ...)
 16.                   └─scale$map_df(df = df)
 17.                     └─ggplot2:::f(..., self = self)
 18.                       └─base::lapply(aesthetics, function(j) self$map(df[[j]]))
 19.                         └─ggplot2:::FUN(X[[i]], ...)
 20.                           └─self$map(df[[j]])
 21.                             └─ggplot2:::f(..., self = self)
 22.                               └─self$palette(n)
 23.                                 └─ggplot2:::f(...)
Execution halted
