$name_dataset
[1] "GSE98816"

$output_directory
[1] "../../rnaSeq/output/compare/cMatrix/GSE98816"

$preprocessed_input_directory
[1] "/home/emiliano/projects/def-cdesouza/Lab/data/preprocessed/GSE98816/"

$sc3_cluster_input_directory
[1] "../../rnaSeq/output/cluster/sc3/GSE98816/"

$seurat_cluster_input_directory
[1] "../../rnaSeq/output/cluster/seurat/GSE98816/"

$true_cluster_input_directory
[1] "/home/emiliano/projects/def-cdesouza/Lab/data/true/GSE98816/"

[1] "true_GSE98816.csv"
[1] "clustersSC3_1_GSE98816.csv"
[1] "clustersSeurat_1_GSE98816.csv"
[1] 1
[1] "  ...read"
[1] "  ...plot heatmapscrtrue"
[1] "  ...plot heatmapseutrue"
[1] "DONE"
